<?xml version="1.0" encoding="UTF-8"?>
<coverage generated="1626132338426" clover="3.2.0">
  <project timestamp="1626132338426" name="All files">
    <metrics statements="181" coveredstatements="111" conditionals="111" coveredconditionals="49" methods="50" coveredmethods="32" elements="342" coveredelements="192" complexity="0" loc="181" ncloc="181" packages="1" files="1" classes="1"/>
    <file name="judge.ts" path="C:\Users\edwan\Documents\Github\zhaopengyou-new\frontend\src\app\helpers\judge.ts">
      <metrics statements="181" coveredstatements="111" conditionals="111" coveredconditionals="49" methods="50" coveredmethods="32"/>
      <line num="1" count="1" type="stmt"/>
      <line num="4" count="1" type="stmt"/>
      <line num="6" count="1" type="stmt"/>
      <line num="11" count="1" type="stmt"/>
      <line num="12" count="1" type="stmt"/>
      <line num="13" count="1" type="stmt"/>
      <line num="14" count="1" type="stmt"/>
      <line num="15" count="13" type="stmt"/>
      <line num="16" count="13" type="stmt"/>
      <line num="17" count="13" type="stmt"/>
      <line num="18" count="13" type="stmt"/>
      <line num="20" count="13" type="cond" truecount="1" falsecount="1"/>
      <line num="24" count="1" type="stmt"/>
      <line num="25" count="22" type="stmt"/>
      <line num="26" count="22" type="cond" truecount="2" falsecount="0"/>
      <line num="27" count="4" type="stmt"/>
      <line num="28" count="18" type="cond" truecount="2" falsecount="0"/>
      <line num="29" count="8" type="stmt"/>
      <line num="31" count="10" type="stmt"/>
      <line num="35" count="1" type="stmt"/>
      <line num="36" count="0" type="cond" truecount="0" falsecount="4"/>
      <line num="37" count="0" type="stmt"/>
      <line num="40" count="1" type="stmt"/>
      <line num="41" count="0" type="cond" truecount="0" falsecount="2"/>
      <line num="42" count="0" type="stmt"/>
      <line num="43" count="0" type="stmt"/>
      <line num="44" count="0" type="cond" truecount="0" falsecount="2"/>
      <line num="46" count="0" type="cond" truecount="0" falsecount="2"/>
      <line num="47" count="0" type="stmt"/>
      <line num="52" count="0" type="cond" truecount="0" falsecount="2"/>
      <line num="53" count="0" type="stmt"/>
      <line num="54" count="0" type="stmt"/>
      <line num="55" count="0" type="stmt"/>
      <line num="56" count="0" type="stmt"/>
      <line num="57" count="0" type="stmt"/>
      <line num="69" count="1" type="stmt"/>
      <line num="70" count="0" type="stmt"/>
      <line num="71" count="0" type="stmt"/>
      <line num="72" count="0" type="stmt"/>
      <line num="73" count="0" type="stmt"/>
      <line num="76" count="0" type="cond" truecount="0" falsecount="2"/>
      <line num="77" count="0" type="stmt"/>
      <line num="80" count="1" type="stmt"/>
      <line num="81" count="0" type="stmt"/>
      <line num="82" count="0" type="stmt"/>
      <line num="83" count="0" type="cond" truecount="0" falsecount="2"/>
      <line num="84" count="0" type="stmt"/>
      <line num="85" count="0" type="stmt"/>
      <line num="89" count="1" type="stmt"/>
      <line num="90" count="0" type="stmt"/>
      <line num="91" count="0" type="stmt"/>
      <line num="92" count="0" type="stmt"/>
      <line num="93" count="0" type="stmt"/>
      <line num="94" count="0" type="cond" truecount="0" falsecount="2"/>
      <line num="95" count="0" type="stmt"/>
      <line num="97" count="0" type="stmt"/>
      <line num="99" count="0" type="cond" truecount="0" falsecount="2"/>
      <line num="100" count="0" type="stmt"/>
      <line num="103" count="0" type="stmt"/>
      <line num="107" count="1" type="stmt"/>
      <line num="108" count="11" type="stmt"/>
      <line num="109" count="47" type="cond" truecount="2" falsecount="0"/>
      <line num="110" count="23" type="stmt"/>
      <line num="115" count="11" type="stmt"/>
      <line num="116" count="11" type="cond" truecount="1" falsecount="1"/>
      <line num="117" count="11" type="stmt"/>
      <line num="118" count="11" type="stmt"/>
      <line num="119" count="47" type="stmt"/>
      <line num="123" count="1" type="stmt"/>
      <line num="124" count="108" type="cond" truecount="3" falsecount="0"/>
      <line num="129" count="1" type="stmt"/>
      <line num="130" count="14" type="cond" truecount="2" falsecount="0"/>
      <line num="131" count="8" type="stmt"/>
      <line num="135" count="1" type="stmt"/>
      <line num="136" count="0" type="stmt"/>
      <line num="137" count="0" type="stmt"/>
      <line num="138" count="0" type="stmt"/>
      <line num="139" count="0" type="stmt"/>
      <line num="141" count="0" type="stmt"/>
      <line num="142" count="0" type="stmt"/>
      <line num="144" count="0" type="stmt"/>
      <line num="148" count="11" type="stmt"/>
      <line num="150" count="11" type="stmt"/>
      <line num="151" count="11" type="cond" truecount="3" falsecount="1"/>
      <line num="152" count="11" type="cond" truecount="2" falsecount="0"/>
      <line num="153" count="1" type="stmt"/>
      <line num="154" count="10" type="stmt"/>
      <line num="156" count="10" type="stmt"/>
      <line num="157" count="22" type="cond" truecount="2" falsecount="0"/>
      <line num="158" count="10" type="stmt"/>
      <line num="159" count="12" type="stmt"/>
      <line num="162" count="10" type="stmt"/>
      <line num="166" count="12" type="stmt"/>
      <line num="167" count="12" type="cond" truecount="2" falsecount="0"/>
      <line num="168" count="1" type="stmt"/>
      <line num="171" count="1" type="stmt"/>
      <line num="175" count="11" type="stmt"/>
      <line num="176" count="11" type="stmt"/>
      <line num="177" count="11" type="stmt"/>
      <line num="178" count="11" type="stmt"/>
      <line num="179" count="10" type="cond" truecount="2" falsecount="0"/>
      <line num="180" count="7" type="stmt"/>
      <line num="181" count="3" type="cond" truecount="2" falsecount="0"/>
      <line num="182" count="1" type="stmt"/>
      <line num="184" count="2" type="stmt"/>
      <line num="185" count="2" type="stmt"/>
      <line num="186" count="2" type="stmt"/>
      <line num="189" count="11" type="stmt"/>
      <line num="191" count="12" type="stmt"/>
      <line num="194" count="1" type="stmt"/>
      <line num="195" count="3" type="stmt"/>
      <line num="197" count="5" type="stmt"/>
      <line num="199" count="3" type="stmt"/>
      <line num="201" count="1" type="stmt"/>
      <line num="203" count="0" type="stmt"/>
      <line num="205" count="1" type="stmt"/>
      <line num="211" count="1" type="stmt"/>
      <line num="212" count="3" type="stmt"/>
      <line num="213" count="5" type="cond" truecount="2" falsecount="0"/>
      <line num="214" count="3" type="cond" truecount="1" falsecount="1"/>
      <line num="215" count="3" type="stmt"/>
      <line num="218" count="1" type="stmt"/>
      <line num="219" count="0" type="stmt"/>
      <line num="220" count="0" type="stmt"/>
      <line num="221" count="0" type="stmt"/>
      <line num="222" count="0" type="stmt"/>
      <line num="226" count="0" type="stmt"/>
      <line num="227" count="0" type="stmt"/>
      <line num="228" count="0" type="cond" truecount="0" falsecount="4"/>
      <line num="229" count="0" type="stmt"/>
      <line num="230" count="0" type="stmt"/>
      <line num="231" count="0" type="stmt"/>
      <line num="232" count="0" type="cond" truecount="0" falsecount="2"/>
      <line num="233" count="0" type="cond" truecount="0" falsecount="2"/>
      <line num="237" count="0" type="stmt"/>
      <line num="241" count="1" type="stmt"/>
      <line num="242" count="0" type="cond" truecount="0" falsecount="3"/>
      <line num="244" count="1" type="stmt"/>
      <line num="245" count="0" type="cond" truecount="0" falsecount="2"/>
      <line num="246" count="0" type="stmt"/>
      <line num="247" count="0" type="stmt"/>
      <line num="248" count="0" type="stmt"/>
      <line num="249" count="0" type="cond" truecount="0" falsecount="2"/>
      <line num="250" count="0" type="stmt"/>
      <line num="251" count="0" type="stmt"/>
      <line num="253" count="0" type="cond" truecount="0" falsecount="2"/>
      <line num="254" count="0" type="stmt"/>
      <line num="255" count="0" type="stmt"/>
      <line num="257" count="0" type="stmt"/>
      <line num="262" count="1" type="stmt"/>
      <line num="267" count="1" type="stmt"/>
      <line num="268" count="1" type="stmt"/>
      <line num="269" count="1" type="stmt"/>
      <line num="270" count="1" type="stmt"/>
      <line num="276" count="1" type="stmt"/>
      <line num="282" count="1" type="stmt"/>
      <line num="283" count="0" type="cond" truecount="0" falsecount="4"/>
      <line num="285" count="0" type="cond" truecount="0" falsecount="3"/>
      <line num="287" count="1" type="stmt"/>
      <line num="292" count="1" type="stmt"/>
      <line num="293" count="1" type="stmt"/>
      <line num="294" count="1" type="stmt"/>
      <line num="295" count="1" type="stmt"/>
      <line num="296" count="1" type="stmt"/>
      <line num="297" count="1" type="stmt"/>
      <line num="298" count="1" type="stmt"/>
      <line num="300" count="1" type="stmt"/>
      <line num="301" count="2" type="stmt"/>
      <line num="302" count="2" type="stmt"/>
      <line num="303" count="2" type="stmt"/>
      <line num="304" count="2" type="stmt"/>
      <line num="308" count="2" type="stmt"/>
      <line num="309" count="2" type="stmt"/>
      <line num="310" count="2" type="cond" truecount="3" falsecount="1"/>
      <line num="311" count="2" type="stmt"/>
      <line num="312" count="2" type="stmt"/>
      <line num="313" count="2" type="stmt"/>
      <line num="314" count="2" type="cond" truecount="1" falsecount="1"/>
      <line num="315" count="2" type="cond" truecount="1" falsecount="1"/>
      <line num="319" count="2" type="stmt"/>
      <line num="321" count="1" type="stmt"/>
    </file>
  </project>
</coverage>
