{"C:\\Users\\edwan\\Documents\\Github\\zhaopengyou-new\\frontend\\src\\app\\helpers\\judge.ts": {"path":"C:\\Users\\edwan\\Documents\\Github\\zhaopengyou-new\\frontend\\src\\app\\helpers\\judge.ts","statementMap":{"0":{"start":{"line":1,"column":0},"end":{"line":1,"column":29}},"1":{"start":{"line":4,"column":14},"end":{"line":4,"column":92}},"2":{"start":{"line":6,"column":0},"end":{"line":6,"column":13}},"3":{"start":{"line":11,"column":4},"end":{"line":11,"column":23}},"4":{"start":{"line":12,"column":4},"end":{"line":12,"column":27}},"5":{"start":{"line":13,"column":18},"end":{"line":13,"column":77}},"6":{"start":{"line":14,"column":4},"end":{"line":19,"column":6}},"7":{"start":{"line":15,"column":29},"end":{"line":15,"column":48}},"8":{"start":{"line":15,"column":60},"end":{"line":15,"column":68}},"9":{"start":{"line":16,"column":29},"end":{"line":16,"column":48}},"10":{"start":{"line":16,"column":60},"end":{"line":16,"column":68}},"11":{"start":{"line":17,"column":29},"end":{"line":17,"column":48}},"12":{"start":{"line":17,"column":60},"end":{"line":17,"column":68}},"13":{"start":{"line":18,"column":29},"end":{"line":18,"column":48}},"14":{"start":{"line":18,"column":60},"end":{"line":18,"column":68}},"15":{"start":{"line":20,"column":4},"end":{"line":20,"column":131}},"16":{"start":{"line":20,"column":20},"end":{"line":20,"column":131}},"17":{"start":{"line":20,"column":73},"end":{"line":20,"column":92}},"18":{"start":{"line":20,"column":104},"end":{"line":20,"column":119}},"19":{"start":{"line":24,"column":2},"end":{"line":32,"column":null}},"20":{"start":{"line":25,"column":18},"end":{"line":25,"column":66}},"21":{"start":{"line":26,"column":4},"end":{"line":30,"column":null}},"22":{"start":{"line":27,"column":6},"end":{"line":27,"column":21}},"23":{"start":{"line":28,"column":11},"end":{"line":30,"column":null}},"24":{"start":{"line":29,"column":6},"end":{"line":29,"column":24}},"25":{"start":{"line":31,"column":4},"end":{"line":31,"column":17}},"26":{"start":{"line":35,"column":2},"end":{"line":38,"column":null}},"27":{"start":{"line":36,"column":4},"end":{"line":36,"column":65}},"28":{"start":{"line":36,"column":52},"end":{"line":36,"column":65}},"29":{"start":{"line":37,"column":4},"end":{"line":37,"column":55}},"30":{"start":{"line":40,"column":2},"end":{"line":67,"column":null}},"31":{"start":{"line":41,"column":4},"end":{"line":41,"column":60}},"32":{"start":{"line":41,"column":42},"end":{"line":41,"column":60}},"33":{"start":{"line":42,"column":28},"end":{"line":42,"column":50}},"34":{"start":{"line":43,"column":29},"end":{"line":43,"column":52}},"35":{"start":{"line":44,"column":4},"end":{"line":44,"column":56}},"36":{"start":{"line":44,"column":38},"end":{"line":44,"column":56}},"37":{"start":{"line":46,"column":4},"end":{"line":50,"column":8}},"38":{"start":{"line":47,"column":6},"end":{"line":50,"column":8}},"39":{"start":{"line":52,"column":4},"end":{"line":66,"column":null}},"40":{"start":{"line":53,"column":25},"end":{"line":53,"column":77}},"41":{"start":{"line":54,"column":25},"end":{"line":54,"column":76}},"42":{"start":{"line":55,"column":27},"end":{"line":55,"column":81}},"43":{"start":{"line":56,"column":27},"end":{"line":56,"column":80}},"44":{"start":{"line":57,"column":6},"end":{"line":64,"column":8}},"45":{"start":{"line":69,"column":2},"end":{"line":78,"column":null}},"46":{"start":{"line":69,"column":2},"end":{"line":69,"column":9}},"47":{"start":{"line":70,"column":27},"end":{"line":70,"column":58}},"48":{"start":{"line":71,"column":20},"end":{"line":75,"column":6}},"49":{"start":{"line":72,"column":6},"end":{"line":74,"column":9}},"50":{"start":{"line":73,"column":8},"end":{"line":73,"column":44}},"51":{"start":{"line":76,"column":4},"end":{"line":76,"column":35}},"52":{"start":{"line":76,"column":17},"end":{"line":76,"column":35}},"53":{"start":{"line":77,"column":4},"end":{"line":77,"column":61}},"54":{"start":{"line":80,"column":2},"end":{"line":86,"column":null}},"55":{"start":{"line":80,"column":2},"end":{"line":80,"column":18}},"56":{"start":{"line":81,"column":28},"end":{"line":81,"column":53}},"57":{"start":{"line":82,"column":28},"end":{"line":84,"column":35}},"58":{"start":{"line":83,"column":21},"end":{"line":83,"column":86}},"59":{"start":{"line":84,"column":18},"end":{"line":84,"column":35}},"60":{"start":{"line":85,"column":4},"end":{"line":85,"column":68}},"61":{"start":{"line":89,"column":2},"end":{"line":104,"column":null}},"62":{"start":{"line":90,"column":4},"end":{"line":90,"column":37}},"63":{"start":{"line":90,"column":32},"end":{"line":90,"column":36}},"64":{"start":{"line":91,"column":19},"end":{"line":91,"column":37}},"65":{"start":{"line":92,"column":24},"end":{"line":92,"column":25}},"66":{"start":{"line":93,"column":4},"end":{"line":102,"column":null}},"67":{"start":{"line":93,"column":21},"end":{"line":93,"column":22}},"68":{"start":{"line":94,"column":6},"end":{"line":98,"column":null}},"69":{"start":{"line":95,"column":8},"end":{"line":95,"column":24}},"70":{"start":{"line":97,"column":8},"end":{"line":97,"column":26}},"71":{"start":{"line":99,"column":6},"end":{"line":101,"column":null}},"72":{"start":{"line":100,"column":8},"end":{"line":100,"column":20}},"73":{"start":{"line":103,"column":4},"end":{"line":103,"column":17}},"74":{"start":{"line":107,"column":2},"end":{"line":112,"column":null}},"75":{"start":{"line":108,"column":4},"end":{"line":111,"column":11}},"76":{"start":{"line":109,"column":6},"end":{"line":109,"column":59}},"77":{"start":{"line":109,"column":20},"end":{"line":109,"column":59}},"78":{"start":{"line":110,"column":6},"end":{"line":110,"column":34}},"79":{"start":{"line":115,"column":2},"end":{"line":121,"column":null}},"80":{"start":{"line":115,"column":2},"end":{"line":115,"column":16}},"81":{"start":{"line":116,"column":4},"end":{"line":116,"column":41}},"82":{"start":{"line":116,"column":28},"end":{"line":116,"column":41}},"83":{"start":{"line":117,"column":22},"end":{"line":117,"column":44}},"84":{"start":{"line":118,"column":4},"end":{"line":120,"column":7}},"85":{"start":{"line":119,"column":6},"end":{"line":119,"column":43}},"86":{"start":{"line":123,"column":2},"end":{"line":127,"column":null}},"87":{"start":{"line":124,"column":4},"end":{"line":126,"column":25}},"88":{"start":{"line":129,"column":2},"end":{"line":132,"column":null}},"89":{"start":{"line":130,"column":4},"end":{"line":130,"column":74}},"90":{"start":{"line":130,"column":34},"end":{"line":130,"column":74}},"91":{"start":{"line":131,"column":4},"end":{"line":131,"column":39}},"92":{"start":{"line":135,"column":2},"end":{"line":145,"column":null}},"93":{"start":{"line":136,"column":16},"end":{"line":136,"column":18}},"94":{"start":{"line":137,"column":17},"end":{"line":137,"column":41}},"95":{"start":{"line":138,"column":4},"end":{"line":140,"column":null}},"96":{"start":{"line":138,"column":21},"end":{"line":138,"column":22}},"97":{"start":{"line":139,"column":6},"end":{"line":139,"column":81}},"98":{"start":{"line":141,"column":4},"end":{"line":143,"column":null}},"99":{"start":{"line":141,"column":21},"end":{"line":141,"column":22}},"100":{"start":{"line":142,"column":6},"end":{"line":142,"column":35}},"101":{"start":{"line":144,"column":4},"end":{"line":144,"column":17}},"102":{"start":{"line":148,"column":2},"end":{"line":193,"column":null}},"103":{"start":{"line":148,"column":2},"end":{"line":148,"column":11}},"104":{"start":{"line":150,"column":51},"end":{"line":150,"column":76}},"105":{"start":{"line":151,"column":4},"end":{"line":151,"column":91}},"106":{"start":{"line":151,"column":81},"end":{"line":151,"column":91}},"107":{"start":{"line":152,"column":4},"end":{"line":153,"column":108}},"108":{"start":{"line":153,"column":6},"end":{"line":153,"column":108}},"109":{"start":{"line":154,"column":17},"end":{"line":154,"column":39}},"110":{"start":{"line":156,"column":25},"end":{"line":160,"column":10}},"111":{"start":{"line":157,"column":6},"end":{"line":158,"column":125}},"112":{"start":{"line":158,"column":8},"end":{"line":158,"column":125}},"113":{"start":{"line":158,"column":116},"end":{"line":158,"column":122}},"114":{"start":{"line":159,"column":6},"end":{"line":159,"column":71}},"115":{"start":{"line":162,"column":4},"end":{"line":192,"column":13}},"116":{"start":{"line":166,"column":22},"end":{"line":166,"column":37}},"117":{"start":{"line":167,"column":8},"end":{"line":190,"column":null}},"118":{"start":{"line":168,"column":10},"end":{"line":173,"column":12}},"119":{"start":{"line":171,"column":14},"end":{"line":171,"column":83}},"120":{"start":{"line":175,"column":31},"end":{"line":175,"column":50}},"121":{"start":{"line":176,"column":23},"end":{"line":176,"column":24}},"122":{"start":{"line":177,"column":21},"end":{"line":177,"column":65}},"123":{"start":{"line":178,"column":10},"end":{"line":188,"column":null}},"124":{"start":{"line":178,"column":27},"end":{"line":178,"column":28}},"125":{"start":{"line":179,"column":12},"end":{"line":187,"column":null}},"126":{"start":{"line":180,"column":14},"end":{"line":180,"column":23}},"127":{"start":{"line":181,"column":19},"end":{"line":187,"column":null}},"128":{"start":{"line":182,"column":14},"end":{"line":182,"column":61}},"129":{"start":{"line":184,"column":14},"end":{"line":184,"column":58}},"130":{"start":{"line":185,"column":14},"end":{"line":185,"column":25}},"131":{"start":{"line":186,"column":14},"end":{"line":186,"column":70}},"132":{"start":{"line":189,"column":10},"end":{"line":189,"column":54}},"133":{"start":{"line":191,"column":8},"end":{"line":191,"column":21}},"134":{"start":{"line":194,"column":2},"end":{"line":210,"column":null}},"135":{"start":{"line":195,"column":4},"end":{"line":209,"column":6}},"136":{"start":{"line":197,"column":8},"end":{"line":206,"column":null}},"137":{"start":{"line":199,"column":12},"end":{"line":199,"column":55}},"138":{"start":{"line":201,"column":12},"end":{"line":201,"column":80}},"139":{"start":{"line":203,"column":12},"end":{"line":203,"column":109}},"140":{"start":{"line":205,"column":12},"end":{"line":205,"column":23}},"141":{"start":{"line":211,"column":2},"end":{"line":217,"column":null}},"142":{"start":{"line":212,"column":4},"end":{"line":216,"column":11}},"143":{"start":{"line":213,"column":6},"end":{"line":213,"column":40}},"144":{"start":{"line":213,"column":29},"end":{"line":213,"column":40}},"145":{"start":{"line":214,"column":6},"end":{"line":214,"column":83}},"146":{"start":{"line":214,"column":28},"end":{"line":214,"column":83}},"147":{"start":{"line":215,"column":6},"end":{"line":215,"column":42}},"148":{"start":{"line":218,"column":2},"end":{"line":238,"column":null}},"149":{"start":{"line":219,"column":31},"end":{"line":219,"column":65}},"150":{"start":{"line":220,"column":26},"end":{"line":220,"column":55}},"151":{"start":{"line":221,"column":25},"end":{"line":221,"column":86}},"152":{"start":{"line":222,"column":4},"end":{"line":236,"column":9}},"153":{"start":{"line":226,"column":19},"end":{"line":226,"column":30}},"154":{"start":{"line":227,"column":8},"end":{"line":235,"column":null}},"155":{"start":{"line":227,"column":22},"end":{"line":227,"column":34}},"156":{"start":{"line":228,"column":10},"end":{"line":234,"column":null}},"157":{"start":{"line":229,"column":27},"end":{"line":229,"column":78}},"158":{"start":{"line":230,"column":12},"end":{"line":230,"column":45}},"159":{"start":{"line":231,"column":12},"end":{"line":231,"column":40}},"160":{"start":{"line":232,"column":12},"end":{"line":233,"column":67}},"161":{"start":{"line":232,"column":29},"end":{"line":232,"column":67}},"162":{"start":{"line":233,"column":17},"end":{"line":233,"column":67}},"163":{"start":{"line":233,"column":34},"end":{"line":233,"column":67}},"164":{"start":{"line":237,"column":4},"end":{"line":237,"column":67}},"165":{"start":{"line":237,"column":58},"end":{"line":237,"column":66}},"166":{"start":{"line":241,"column":2},"end":{"line":243,"column":null}},"167":{"start":{"line":242,"column":4},"end":{"line":242,"column":124}},"168":{"start":{"line":244,"column":2},"end":{"line":261,"column":null}},"169":{"start":{"line":244,"column":2},"end":{"line":244,"column":19}},"170":{"start":{"line":245,"column":4},"end":{"line":245,"column":73}},"171":{"start":{"line":245,"column":32},"end":{"line":245,"column":73}},"172":{"start":{"line":246,"column":27},"end":{"line":246,"column":48}},"173":{"start":{"line":247,"column":27},"end":{"line":247,"column":110}},"174":{"start":{"line":247,"column":62},"end":{"line":247,"column":109}},"175":{"start":{"line":248,"column":32},"end":{"line":248,"column":57}},"176":{"start":{"line":249,"column":4},"end":{"line":252,"column":null}},"177":{"start":{"line":250,"column":6},"end":{"line":250,"column":57}},"178":{"start":{"line":251,"column":6},"end":{"line":251,"column":19}},"179":{"start":{"line":253,"column":4},"end":{"line":256,"column":null}},"180":{"start":{"line":254,"column":6},"end":{"line":254,"column":55}},"181":{"start":{"line":255,"column":6},"end":{"line":255,"column":19}},"182":{"start":{"line":257,"column":4},"end":{"line":260,"column":6}},"183":{"start":{"line":262,"column":2},"end":{"line":281,"column":null}},"184":{"start":{"line":267,"column":26},"end":{"line":267,"column":81}},"185":{"start":{"line":268,"column":20},"end":{"line":268,"column":70}},"186":{"start":{"line":269,"column":21},"end":{"line":269,"column":71}},"187":{"start":{"line":270,"column":4},"end":{"line":275,"column":6}},"188":{"start":{"line":276,"column":4},"end":{"line":280,"column":6}},"189":{"start":{"line":282,"column":2},"end":{"line":286,"column":null}},"190":{"start":{"line":283,"column":4},"end":{"line":283,"column":67}},"191":{"start":{"line":283,"column":54},"end":{"line":283,"column":67}},"192":{"start":{"line":285,"column":4},"end":{"line":285,"column":133}},"193":{"start":{"line":287,"column":2},"end":{"line":299,"column":null}},"194":{"start":{"line":292,"column":28},"end":{"line":292,"column":85}},"195":{"start":{"line":293,"column":22},"end":{"line":293,"column":74}},"196":{"start":{"line":294,"column":23},"end":{"line":294,"column":75}},"197":{"start":{"line":295,"column":28},"end":{"line":295,"column":95}},"198":{"start":{"line":296,"column":29},"end":{"line":296,"column":97}},"199":{"start":{"line":297,"column":4},"end":{"line":297,"column":91}},"200":{"start":{"line":298,"column":4},"end":{"line":298,"column":56}},"201":{"start":{"line":300,"column":2},"end":{"line":320,"column":null}},"202":{"start":{"line":301,"column":31},"end":{"line":301,"column":65}},"203":{"start":{"line":302,"column":26},"end":{"line":302,"column":55}},"204":{"start":{"line":303,"column":25},"end":{"line":303,"column":86}},"205":{"start":{"line":304,"column":4},"end":{"line":318,"column":9}},"206":{"start":{"line":308,"column":19},"end":{"line":308,"column":30}},"207":{"start":{"line":309,"column":8},"end":{"line":317,"column":null}},"208":{"start":{"line":309,"column":22},"end":{"line":309,"column":34}},"209":{"start":{"line":310,"column":10},"end":{"line":316,"column":null}},"210":{"start":{"line":311,"column":27},"end":{"line":311,"column":78}},"211":{"start":{"line":312,"column":12},"end":{"line":312,"column":45}},"212":{"start":{"line":313,"column":12},"end":{"line":313,"column":40}},"213":{"start":{"line":314,"column":12},"end":{"line":315,"column":67}},"214":{"start":{"line":314,"column":29},"end":{"line":314,"column":67}},"215":{"start":{"line":315,"column":17},"end":{"line":315,"column":67}},"216":{"start":{"line":315,"column":34},"end":{"line":315,"column":67}},"217":{"start":{"line":319,"column":4},"end":{"line":319,"column":30}},"218":{"start":{"line":321,"column":0},"end":{"line":321,"column":null}},"219":{"start":{"line":6,"column":13},"end":{"line":6,"column":18}}},"fnMap":{"0":{"name":"(anonymous_3)","decl":{"start":{"line":6,"column":0},"end":{"line":6,"column":13}},"loc":{"start":{"line":6,"column":0},"end":{"line":321,"column":null}}},"1":{"name":"Judge","decl":{"start":{"line":10,"column":2},"end":{"line":10,"column":14}},"loc":{"start":{"line":10,"column":45},"end":{"line":21,"column":3}}},"2":{"name":"(anonymous_5)","decl":{"start":{"line":15,"column":22},"end":{"line":15,"column":23}},"loc":{"start":{"line":15,"column":24},"end":{"line":15,"column":30}}},"3":{"name":"(anonymous_6)","decl":{"start":{"line":15,"column":53},"end":{"line":15,"column":54}},"loc":{"start":{"line":15,"column":55},"end":{"line":15,"column":63}}},"4":{"name":"(anonymous_7)","decl":{"start":{"line":16,"column":22},"end":{"line":16,"column":23}},"loc":{"start":{"line":16,"column":24},"end":{"line":16,"column":30}}},"5":{"name":"(anonymous_8)","decl":{"start":{"line":16,"column":53},"end":{"line":16,"column":54}},"loc":{"start":{"line":16,"column":55},"end":{"line":16,"column":63}}},"6":{"name":"(anonymous_9)","decl":{"start":{"line":17,"column":22},"end":{"line":17,"column":23}},"loc":{"start":{"line":17,"column":24},"end":{"line":17,"column":30}}},"7":{"name":"(anonymous_10)","decl":{"start":{"line":17,"column":53},"end":{"line":17,"column":54}},"loc":{"start":{"line":17,"column":55},"end":{"line":17,"column":63}}},"8":{"name":"(anonymous_11)","decl":{"start":{"line":18,"column":22},"end":{"line":18,"column":23}},"loc":{"start":{"line":18,"column":24},"end":{"line":18,"column":30}}},"9":{"name":"(anonymous_12)","decl":{"start":{"line":18,"column":53},"end":{"line":18,"column":54}},"loc":{"start":{"line":18,"column":55},"end":{"line":18,"column":63}}},"10":{"name":"(anonymous_13)","decl":{"start":{"line":20,"column":66},"end":{"line":20,"column":67}},"loc":{"start":{"line":20,"column":68},"end":{"line":20,"column":74}}},"11":{"name":"(anonymous_14)","decl":{"start":{"line":20,"column":97},"end":{"line":20,"column":98}},"loc":{"start":{"line":20,"column":99},"end":{"line":20,"column":109}}},"12":{"name":"(anonymous_15)","decl":{"start":{"line":24,"column":2},"end":{"line":24,"column":10}},"loc":{"start":{"line":24,"column":23},"end":{"line":32,"column":3}}},"13":{"name":"(anonymous_16)","decl":{"start":{"line":35,"column":2},"end":{"line":35,"column":9}},"loc":{"start":{"line":35,"column":38},"end":{"line":38,"column":3}}},"14":{"name":"(anonymous_17)","decl":{"start":{"line":40,"column":2},"end":{"line":40,"column":9}},"loc":{"start":{"line":40,"column":45},"end":{"line":67,"column":3}}},"15":{"name":"(anonymous_18)","decl":{"start":{"line":69,"column":2},"end":{"line":69,"column":9}},"loc":{"start":{"line":69,"column":44},"end":{"line":78,"column":3}}},"16":{"name":"(anonymous_19)","decl":{"start":{"line":71,"column":32},"end":{"line":71,"column":33}},"loc":{"start":{"line":71,"column":34},"end":{"line":75,"column":5}}},"17":{"name":"(anonymous_20)","decl":{"start":{"line":72,"column":27},"end":{"line":72,"column":28}},"loc":{"start":{"line":72,"column":29},"end":{"line":74,"column":7}}},"18":{"name":"(anonymous_21)","decl":{"start":{"line":80,"column":2},"end":{"line":80,"column":18}},"loc":{"start":{"line":80,"column":90},"end":{"line":86,"column":3}}},"19":{"name":"(anonymous_22)","decl":{"start":{"line":83,"column":14},"end":{"line":83,"column":15}},"loc":{"start":{"line":83,"column":16},"end":{"line":83,"column":25}}},"20":{"name":"(anonymous_23)","decl":{"start":{"line":84,"column":11},"end":{"line":84,"column":12}},"loc":{"start":{"line":84,"column":13},"end":{"line":84,"column":22}}},"21":{"name":"(anonymous_24)","decl":{"start":{"line":89,"column":2},"end":{"line":89,"column":22}},"loc":{"start":{"line":89,"column":64},"end":{"line":104,"column":3}}},"22":{"name":"(anonymous_25)","decl":{"start":{"line":90,"column":25},"end":{"line":90,"column":26}},"loc":{"start":{"line":90,"column":29},"end":{"line":90,"column":33}}},"23":{"name":"(anonymous_26)","decl":{"start":{"line":107,"column":2},"end":{"line":107,"column":15}},"loc":{"start":{"line":107,"column":31},"end":{"line":112,"column":3}}},"24":{"name":"(anonymous_27)","decl":{"start":{"line":108,"column":24},"end":{"line":108,"column":25}},"loc":{"start":{"line":108,"column":33},"end":{"line":111,"column":5}}},"25":{"name":"(anonymous_28)","decl":{"start":{"line":115,"column":2},"end":{"line":115,"column":16}},"loc":{"start":{"line":115,"column":32},"end":{"line":121,"column":3}}},"26":{"name":"(anonymous_29)","decl":{"start":{"line":118,"column":23},"end":{"line":118,"column":24}},"loc":{"start":{"line":118,"column":25},"end":{"line":120,"column":5}}},"27":{"name":"(anonymous_30)","decl":{"start":{"line":123,"column":2},"end":{"line":123,"column":9}},"loc":{"start":{"line":123,"column":22},"end":{"line":127,"column":3}}},"28":{"name":"(anonymous_31)","decl":{"start":{"line":129,"column":2},"end":{"line":129,"column":18}},"loc":{"start":{"line":129,"column":46},"end":{"line":132,"column":3}}},"29":{"name":"(anonymous_32)","decl":{"start":{"line":135,"column":2},"end":{"line":135,"column":18}},"loc":{"start":{"line":135,"column":73},"end":{"line":145,"column":3}}},"30":{"name":"(anonymous_33)","decl":{"start":{"line":148,"column":2},"end":{"line":148,"column":11}},"loc":{"start":{"line":148,"column":27},"end":{"line":193,"column":3}}},"31":{"name":"(anonymous_34)","decl":{"start":{"line":156,"column":60},"end":{"line":156,"column":61}},"loc":{"start":{"line":156,"column":70},"end":{"line":160,"column":5}}},"32":{"name":"(anonymous_35)","decl":{"start":{"line":158,"column":106},"end":{"line":158,"column":107}},"loc":{"start":{"line":158,"column":111},"end":{"line":158,"column":117}}},"33":{"name":"(anonymous_36)","decl":{"start":{"line":165,"column":14},"end":{"line":165,"column":15}},"loc":{"start":{"line":165,"column":27},"end":{"line":192,"column":7}}},"34":{"name":"(anonymous_37)","decl":{"start":{"line":170,"column":39},"end":{"line":170,"column":40}},"loc":{"start":{"line":170,"column":49},"end":{"line":172,"column":13}}},"35":{"name":"(anonymous_38)","decl":{"start":{"line":194,"column":2},"end":{"line":194,"column":31}},"loc":{"start":{"line":194,"column":97},"end":{"line":210,"column":3}}},"36":{"name":"(anonymous_39)","decl":{"start":{"line":196,"column":6},"end":{"line":196,"column":7}},"loc":{"start":{"line":196,"column":16},"end":{"line":207,"column":7}}},"37":{"name":"(anonymous_40)","decl":{"start":{"line":211,"column":2},"end":{"line":211,"column":33}},"loc":{"start":{"line":211,"column":99},"end":{"line":217,"column":3}}},"38":{"name":"(anonymous_41)","decl":{"start":{"line":212,"column":33},"end":{"line":212,"column":34}},"loc":{"start":{"line":212,"column":43},"end":{"line":216,"column":5}}},"39":{"name":"(anonymous_42)","decl":{"start":{"line":218,"column":2},"end":{"line":218,"column":35}},"loc":{"start":{"line":218,"column":111},"end":{"line":238,"column":3}}},"40":{"name":"(anonymous_43)","decl":{"start":{"line":225,"column":15},"end":{"line":225,"column":16}},"loc":{"start":{"line":225,"column":17},"end":{"line":236,"column":7}}},"41":{"name":"(anonymous_44)","decl":{"start":{"line":237,"column":51},"end":{"line":237,"column":52}},"loc":{"start":{"line":237,"column":53},"end":{"line":237,"column":59}}},"42":{"name":"(anonymous_45)","decl":{"start":{"line":241,"column":2},"end":{"line":241,"column":20}},"loc":{"start":{"line":241,"column":36},"end":{"line":243,"column":3}}},"43":{"name":"(anonymous_46)","decl":{"start":{"line":244,"column":2},"end":{"line":244,"column":19}},"loc":{"start":{"line":244,"column":73},"end":{"line":261,"column":3}}},"44":{"name":"(anonymous_47)","decl":{"start":{"line":247,"column":55},"end":{"line":247,"column":56}},"loc":{"start":{"line":247,"column":57},"end":{"line":247,"column":66}}},"45":{"name":"(anonymous_48)","decl":{"start":{"line":262,"column":2},"end":{"line":262,"column":33}},"loc":{"start":{"line":265,"column":74},"end":{"line":281,"column":3}}},"46":{"name":"(anonymous_49)","decl":{"start":{"line":282,"column":2},"end":{"line":282,"column":33}},"loc":{"start":{"line":282,"column":87},"end":{"line":286,"column":3}}},"47":{"name":"(anonymous_50)","decl":{"start":{"line":287,"column":2},"end":{"line":287,"column":35}},"loc":{"start":{"line":290,"column":74},"end":{"line":299,"column":3}}},"48":{"name":"(anonymous_51)","decl":{"start":{"line":300,"column":2},"end":{"line":300,"column":36}},"loc":{"start":{"line":300,"column":112},"end":{"line":320,"column":3}}},"49":{"name":"(anonymous_52)","decl":{"start":{"line":307,"column":15},"end":{"line":307,"column":16}},"loc":{"start":{"line":307,"column":17},"end":{"line":318,"column":7}}}},"branchMap":{"0":{"loc":{"start":{"line":20,"column":4},"end":{"line":20,"column":131}},"type":"if","locations":[{"start":{"line":20,"column":4},"end":{"line":20,"column":131}},{"start":{"line":20,"column":4},"end":{"line":20,"column":131}}]},"1":{"loc":{"start":{"line":26,"column":4},"end":{"line":30,"column":null}},"type":"if","locations":[{"start":{"line":26,"column":4},"end":{"line":30,"column":null}},{"start":{"line":26,"column":4},"end":{"line":30,"column":null}}]},"2":{"loc":{"start":{"line":28,"column":11},"end":{"line":30,"column":null}},"type":"if","locations":[{"start":{"line":28,"column":11},"end":{"line":30,"column":null}},{"start":{"line":28,"column":11},"end":{"line":30,"column":null}}]},"3":{"loc":{"start":{"line":36,"column":4},"end":{"line":36,"column":65}},"type":"if","locations":[{"start":{"line":36,"column":4},"end":{"line":36,"column":65}},{"start":{"line":36,"column":4},"end":{"line":36,"column":65}}]},"4":{"loc":{"start":{"line":36,"column":8},"end":{"line":36,"column":27}},"type":"binary-expr","locations":[{"start":{"line":36,"column":8},"end":{"line":36,"column":27}},{"start":{"line":36,"column":31},"end":{"line":36,"column":50}}]},"5":{"loc":{"start":{"line":41,"column":4},"end":{"line":41,"column":60}},"type":"if","locations":[{"start":{"line":41,"column":4},"end":{"line":41,"column":60}},{"start":{"line":41,"column":4},"end":{"line":41,"column":60}}]},"6":{"loc":{"start":{"line":44,"column":4},"end":{"line":44,"column":56}},"type":"if","locations":[{"start":{"line":44,"column":4},"end":{"line":44,"column":56}},{"start":{"line":44,"column":4},"end":{"line":44,"column":56}}]},"7":{"loc":{"start":{"line":46,"column":4},"end":{"line":50,"column":8}},"type":"if","locations":[{"start":{"line":46,"column":4},"end":{"line":50,"column":8}},{"start":{"line":46,"column":4},"end":{"line":50,"column":8}}]},"8":{"loc":{"start":{"line":48,"column":8},"end":{"line":48,"column":36}},"type":"binary-expr","locations":[{"start":{"line":48,"column":8},"end":{"line":48,"column":36}},{"start":{"line":48,"column":40},"end":{"line":48,"column":103}}]},"9":{"loc":{"start":{"line":52,"column":4},"end":{"line":66,"column":null}},"type":"if","locations":[{"start":{"line":52,"column":4},"end":{"line":66,"column":null}},{"start":{"line":52,"column":4},"end":{"line":66,"column":null}}]},"10":{"loc":{"start":{"line":58,"column":8},"end":{"line":58,"column":38}},"type":"binary-expr","locations":[{"start":{"line":58,"column":8},"end":{"line":58,"column":38}},{"start":{"line":59,"column":10},"end":{"line":59,"column":40}},{"start":{"line":60,"column":10},"end":{"line":60,"column":40}},{"start":{"line":61,"column":10},"end":{"line":61,"column":76}}]},"11":{"loc":{"start":{"line":76,"column":4},"end":{"line":76,"column":35}},"type":"if","locations":[{"start":{"line":76,"column":4},"end":{"line":76,"column":35}},{"start":{"line":76,"column":4},"end":{"line":76,"column":35}}]},"12":{"loc":{"start":{"line":83,"column":21},"end":{"line":83,"column":48}},"type":"binary-expr","locations":[{"start":{"line":83,"column":21},"end":{"line":83,"column":48}},{"start":{"line":83,"column":52},"end":{"line":83,"column":85}}]},"13":{"loc":{"start":{"line":94,"column":6},"end":{"line":98,"column":null}},"type":"if","locations":[{"start":{"line":94,"column":6},"end":{"line":98,"column":null}},{"start":{"line":94,"column":6},"end":{"line":98,"column":null}}]},"14":{"loc":{"start":{"line":99,"column":6},"end":{"line":101,"column":null}},"type":"if","locations":[{"start":{"line":99,"column":6},"end":{"line":101,"column":null}},{"start":{"line":99,"column":6},"end":{"line":101,"column":null}}]},"15":{"loc":{"start":{"line":109,"column":6},"end":{"line":109,"column":59}},"type":"if","locations":[{"start":{"line":109,"column":6},"end":{"line":109,"column":59}},{"start":{"line":109,"column":6},"end":{"line":109,"column":59}}]},"16":{"loc":{"start":{"line":116,"column":4},"end":{"line":116,"column":41}},"type":"if","locations":[{"start":{"line":116,"column":4},"end":{"line":116,"column":41}},{"start":{"line":116,"column":4},"end":{"line":116,"column":41}}]},"17":{"loc":{"start":{"line":125,"column":8},"end":{"line":125,"column":23}},"type":"cond-expr","locations":[{"start":{"line":125,"column":8},"end":{"line":125,"column":23}},{"start":{"line":126,"column":8},"end":{"line":126,"column":24}}]},"18":{"loc":{"start":{"line":124,"column":11},"end":{"line":124,"column":47}},"type":"binary-expr","locations":[{"start":{"line":124,"column":11},"end":{"line":124,"column":47}},{"start":{"line":124,"column":51},"end":{"line":124,"column":75}},{"start":{"line":124,"column":79},"end":{"line":124,"column":114}}]},"19":{"loc":{"start":{"line":130,"column":4},"end":{"line":130,"column":74}},"type":"if","locations":[{"start":{"line":130,"column":4},"end":{"line":130,"column":74}},{"start":{"line":130,"column":4},"end":{"line":130,"column":74}}]},"20":{"loc":{"start":{"line":151,"column":4},"end":{"line":151,"column":91}},"type":"if","locations":[{"start":{"line":151,"column":4},"end":{"line":151,"column":91}},{"start":{"line":151,"column":4},"end":{"line":151,"column":91}}]},"21":{"loc":{"start":{"line":151,"column":8},"end":{"line":151,"column":48}},"type":"binary-expr","locations":[{"start":{"line":151,"column":8},"end":{"line":151,"column":48}},{"start":{"line":151,"column":52},"end":{"line":151,"column":79}}]},"22":{"loc":{"start":{"line":152,"column":4},"end":{"line":153,"column":108}},"type":"if","locations":[{"start":{"line":152,"column":4},"end":{"line":153,"column":108}},{"start":{"line":152,"column":4},"end":{"line":153,"column":108}}]},"23":{"loc":{"start":{"line":157,"column":6},"end":{"line":158,"column":125}},"type":"if","locations":[{"start":{"line":157,"column":6},"end":{"line":158,"column":125}},{"start":{"line":157,"column":6},"end":{"line":158,"column":125}}]},"24":{"loc":{"start":{"line":167,"column":8},"end":{"line":190,"column":null}},"type":"if","locations":[{"start":{"line":167,"column":8},"end":{"line":190,"column":null}},{"start":{"line":167,"column":8},"end":{"line":190,"column":null}}]},"25":{"loc":{"start":{"line":179,"column":12},"end":{"line":187,"column":null}},"type":"if","locations":[{"start":{"line":179,"column":12},"end":{"line":187,"column":null}},{"start":{"line":179,"column":12},"end":{"line":187,"column":null}}]},"26":{"loc":{"start":{"line":181,"column":19},"end":{"line":187,"column":null}},"type":"if","locations":[{"start":{"line":181,"column":19},"end":{"line":187,"column":null}},{"start":{"line":181,"column":19},"end":{"line":187,"column":null}}]},"27":{"loc":{"start":{"line":198,"column":10},"end":{"line":199,"column":55}},"type":"switch","locations":[{"start":{"line":198,"column":10},"end":{"line":199,"column":55}},{"start":{"line":200,"column":10},"end":{"line":201,"column":80}},{"start":{"line":202,"column":10},"end":{"line":203,"column":109}},{"start":{"line":204,"column":10},"end":{"line":205,"column":23}}]},"28":{"loc":{"start":{"line":213,"column":6},"end":{"line":213,"column":40}},"type":"if","locations":[{"start":{"line":213,"column":6},"end":{"line":213,"column":40}},{"start":{"line":213,"column":6},"end":{"line":213,"column":40}}]},"29":{"loc":{"start":{"line":214,"column":6},"end":{"line":214,"column":83}},"type":"if","locations":[{"start":{"line":214,"column":6},"end":{"line":214,"column":83}},{"start":{"line":214,"column":6},"end":{"line":214,"column":83}}]},"30":{"loc":{"start":{"line":228,"column":10},"end":{"line":234,"column":null}},"type":"if","locations":[{"start":{"line":228,"column":10},"end":{"line":234,"column":null}},{"start":{"line":228,"column":10},"end":{"line":234,"column":null}}]},"31":{"loc":{"start":{"line":228,"column":14},"end":{"line":228,"column":36}},"type":"binary-expr","locations":[{"start":{"line":228,"column":14},"end":{"line":228,"column":36}},{"start":{"line":228,"column":40},"end":{"line":228,"column":66}}]},"32":{"loc":{"start":{"line":232,"column":12},"end":{"line":233,"column":67}},"type":"if","locations":[{"start":{"line":232,"column":12},"end":{"line":233,"column":67}},{"start":{"line":232,"column":12},"end":{"line":233,"column":67}}]},"33":{"loc":{"start":{"line":233,"column":17},"end":{"line":233,"column":67}},"type":"if","locations":[{"start":{"line":233,"column":17},"end":{"line":233,"column":67}},{"start":{"line":233,"column":17},"end":{"line":233,"column":67}}]},"34":{"loc":{"start":{"line":242,"column":11},"end":{"line":242,"column":37}},"type":"binary-expr","locations":[{"start":{"line":242,"column":11},"end":{"line":242,"column":37}},{"start":{"line":242,"column":42},"end":{"line":242,"column":84}},{"start":{"line":242,"column":88},"end":{"line":242,"column":122}}]},"35":{"loc":{"start":{"line":245,"column":4},"end":{"line":245,"column":73}},"type":"if","locations":[{"start":{"line":245,"column":4},"end":{"line":245,"column":73}},{"start":{"line":245,"column":4},"end":{"line":245,"column":73}}]},"36":{"loc":{"start":{"line":249,"column":4},"end":{"line":252,"column":null}},"type":"if","locations":[{"start":{"line":249,"column":4},"end":{"line":252,"column":null}},{"start":{"line":249,"column":4},"end":{"line":252,"column":null}}]},"37":{"loc":{"start":{"line":253,"column":4},"end":{"line":256,"column":null}},"type":"if","locations":[{"start":{"line":253,"column":4},"end":{"line":256,"column":null}},{"start":{"line":253,"column":4},"end":{"line":256,"column":null}}]},"38":{"loc":{"start":{"line":258,"column":6},"end":{"line":258,"column":95}},"type":"binary-expr","locations":[{"start":{"line":258,"column":6},"end":{"line":258,"column":95}},{"start":{"line":259,"column":6},"end":{"line":259,"column":97}}]},"39":{"loc":{"start":{"line":272,"column":7},"end":{"line":272,"column":33}},"type":"binary-expr","locations":[{"start":{"line":272,"column":7},"end":{"line":272,"column":33}},{"start":{"line":272,"column":37},"end":{"line":272,"column":68}},{"start":{"line":273,"column":9},"end":{"line":273,"column":35}},{"start":{"line":273,"column":39},"end":{"line":273,"column":70}},{"start":{"line":274,"column":9},"end":{"line":274,"column":35}},{"start":{"line":274,"column":39},"end":{"line":274,"column":70}}]},"40":{"loc":{"start":{"line":277,"column":7},"end":{"line":277,"column":33}},"type":"binary-expr","locations":[{"start":{"line":277,"column":7},"end":{"line":277,"column":33}},{"start":{"line":277,"column":37},"end":{"line":277,"column":68}},{"start":{"line":278,"column":7},"end":{"line":278,"column":33}},{"start":{"line":278,"column":37},"end":{"line":278,"column":68}},{"start":{"line":279,"column":7},"end":{"line":279,"column":33}},{"start":{"line":279,"column":37},"end":{"line":279,"column":68}}]},"41":{"loc":{"start":{"line":283,"column":4},"end":{"line":283,"column":67}},"type":"if","locations":[{"start":{"line":283,"column":4},"end":{"line":283,"column":67}},{"start":{"line":283,"column":4},"end":{"line":283,"column":67}}]},"42":{"loc":{"start":{"line":283,"column":8},"end":{"line":283,"column":26}},"type":"binary-expr","locations":[{"start":{"line":283,"column":8},"end":{"line":283,"column":26}},{"start":{"line":283,"column":30},"end":{"line":283,"column":52}}]},"43":{"loc":{"start":{"line":285,"column":12},"end":{"line":285,"column":38}},"type":"binary-expr","locations":[{"start":{"line":285,"column":12},"end":{"line":285,"column":38}},{"start":{"line":285,"column":42},"end":{"line":285,"column":95}},{"start":{"line":285,"column":100},"end":{"line":285,"column":132}}]},"44":{"loc":{"start":{"line":310,"column":10},"end":{"line":316,"column":null}},"type":"if","locations":[{"start":{"line":310,"column":10},"end":{"line":316,"column":null}},{"start":{"line":310,"column":10},"end":{"line":316,"column":null}}]},"45":{"loc":{"start":{"line":310,"column":14},"end":{"line":310,"column":36}},"type":"binary-expr","locations":[{"start":{"line":310,"column":14},"end":{"line":310,"column":36}},{"start":{"line":310,"column":40},"end":{"line":310,"column":66}}]},"46":{"loc":{"start":{"line":314,"column":12},"end":{"line":315,"column":67}},"type":"if","locations":[{"start":{"line":314,"column":12},"end":{"line":315,"column":67}},{"start":{"line":314,"column":12},"end":{"line":315,"column":67}}]},"47":{"loc":{"start":{"line":315,"column":17},"end":{"line":315,"column":67}},"type":"if","locations":[{"start":{"line":315,"column":17},"end":{"line":315,"column":67}},{"start":{"line":315,"column":17},"end":{"line":315,"column":67}}]}},"s":{"0":1,"1":1,"2":1,"3":1,"4":1,"5":1,"6":1,"7":13,"8":12,"9":13,"10":12,"11":13,"12":12,"13":13,"14":12,"15":1,"16":1,"17":13,"18":12,"19":1,"20":22,"21":22,"22":4,"23":18,"24":8,"25":10,"26":1,"27":0,"28":0,"29":0,"30":1,"31":0,"32":0,"33":0,"34":0,"35":0,"36":0,"37":0,"38":0,"39":0,"40":0,"41":0,"42":0,"43":0,"44":0,"45":1,"46":0,"47":0,"48":0,"49":0,"50":0,"51":0,"52":0,"53":0,"54":1,"55":0,"56":0,"57":0,"58":0,"59":0,"60":0,"61":1,"62":0,"63":0,"64":0,"65":0,"66":0,"67":0,"68":0,"69":0,"70":0,"71":0,"72":0,"73":0,"74":1,"75":11,"76":47,"77":24,"78":23,"79":1,"80":11,"81":11,"82":0,"83":11,"84":11,"85":47,"86":1,"87":108,"88":1,"89":14,"90":6,"91":8,"92":1,"93":0,"94":0,"95":0,"96":0,"97":0,"98":0,"99":0,"100":0,"101":0,"102":1,"103":11,"104":11,"105":11,"106":0,"107":11,"108":1,"109":10,"110":10,"111":22,"112":10,"113":10,"114":12,"115":10,"116":12,"117":12,"118":1,"119":1,"120":11,"121":11,"122":11,"123":11,"124":11,"125":10,"126":7,"127":3,"128":1,"129":2,"130":2,"131":2,"132":11,"133":12,"134":1,"135":3,"136":5,"137":3,"138":1,"139":0,"140":1,"141":1,"142":3,"143":5,"144":2,"145":3,"146":0,"147":3,"148":1,"149":0,"150":0,"151":0,"152":0,"153":0,"154":0,"155":0,"156":0,"157":0,"158":0,"159":0,"160":0,"161":0,"162":0,"163":0,"164":0,"165":0,"166":1,"167":0,"168":1,"169":0,"170":0,"171":0,"172":0,"173":0,"174":0,"175":0,"176":0,"177":0,"178":0,"179":0,"180":0,"181":0,"182":0,"183":1,"184":1,"185":1,"186":1,"187":1,"188":1,"189":1,"190":0,"191":0,"192":0,"193":1,"194":1,"195":1,"196":1,"197":1,"198":1,"199":1,"200":1,"201":1,"202":2,"203":2,"204":2,"205":2,"206":2,"207":2,"208":2,"209":2,"210":2,"211":2,"212":2,"213":2,"214":0,"215":2,"216":0,"217":2,"218":1,"219":1},"f":{"0":1,"1":1,"2":13,"3":12,"4":13,"5":12,"6":13,"7":12,"8":13,"9":12,"10":13,"11":12,"12":22,"13":0,"14":0,"15":0,"16":0,"17":0,"18":0,"19":0,"20":0,"21":0,"22":0,"23":11,"24":47,"25":11,"26":47,"27":108,"28":14,"29":0,"30":11,"31":22,"32":10,"33":12,"34":1,"35":3,"36":5,"37":3,"38":5,"39":0,"40":0,"41":0,"42":0,"43":0,"44":0,"45":1,"46":0,"47":1,"48":2,"49":2},"b":{"0":[1,0],"1":[4,18],"2":[8,10],"3":[0,0],"4":[0,0],"5":[0,0],"6":[0,0],"7":[0,0],"8":[0,0],"9":[0,0],"10":[0,0,0,0],"11":[0,0],"12":[0,0],"13":[0,0],"14":[0,0],"15":[24,23],"16":[0,11],"17":[56,52],"18":[108,82,66],"19":[6,8],"20":[0,11],"21":[11,11],"22":[1,10],"23":[10,12],"24":[1,11],"25":[7,3],"26":[1,2],"27":[3,1,0,1],"28":[2,3],"29":[0,3],"30":[0,0],"31":[0,0],"32":[0,0],"33":[0,0],"34":[0,0,0],"35":[0,0],"36":[0,0],"37":[0,0],"38":[0,0],"39":[1,0,1,1,1,1],"40":[1,0,1,1,1,1],"41":[0,0],"42":[0,0],"43":[0,0,0],"44":[2,0],"45":[2,2],"46":[0,2],"47":[0,2]}}
}
