TN:
SF:src\app\enums\enums.ts
FN:1,(anonymous_0)
FN:6,(anonymous_1)
FN:11,(anonymous_2)
FN:17,(anonymous_3)
FN:24,(anonymous_4)
FNF:5
FNH:5
FNDA:1,(anonymous_0)
FNDA:1,(anonymous_1)
FNDA:1,(anonymous_2)
FNDA:1,(anonymous_3)
FNDA:1,(anonymous_4)
DA:1,1
DA:2,1
DA:3,1
DA:4,1
DA:6,1
DA:7,1
DA:8,1
DA:9,1
DA:11,1
DA:12,1
DA:13,1
DA:14,1
DA:15,1
DA:17,1
DA:18,1
DA:19,1
DA:20,1
DA:21,1
DA:22,1
DA:24,1
DA:25,1
DA:26,1
DA:27,1
DA:28,1
LF:24
LH:24
BRDA:1,0,0,1
BRDA:1,0,1,1
BRDA:6,1,0,1
BRDA:6,1,1,1
BRDA:11,2,0,1
BRDA:11,2,1,1
BRDA:17,3,0,1
BRDA:17,3,1,1
BRDA:24,4,0,1
BRDA:24,4,1,1
BRF:10
BRH:10
end_of_record
TN:
SF:src\app\helpers\judge.ts
FN:6,(anonymous_3)
FN:10,Judge
FN:15,(anonymous_5)
FN:15,(anonymous_6)
FN:16,(anonymous_7)
FN:16,(anonymous_8)
FN:17,(anonymous_9)
FN:17,(anonymous_10)
FN:18,(anonymous_11)
FN:18,(anonymous_12)
FN:20,(anonymous_13)
FN:20,(anonymous_14)
FN:24,(anonymous_15)
FN:35,(anonymous_16)
FN:40,(anonymous_17)
FN:69,(anonymous_18)
FN:71,(anonymous_19)
FN:72,(anonymous_20)
FN:80,(anonymous_21)
FN:83,(anonymous_22)
FN:84,(anonymous_23)
FN:89,(anonymous_24)
FN:90,(anonymous_25)
FN:107,(anonymous_26)
FN:108,(anonymous_27)
FN:115,(anonymous_28)
FN:118,(anonymous_29)
FN:123,(anonymous_30)
FN:129,(anonymous_31)
FN:135,(anonymous_32)
FN:146,(anonymous_33)
FN:147,(anonymous_34)
FN:150,(anonymous_35)
FN:155,(anonymous_36)
FN:168,(anonymous_37)
FN:173,(anonymous_38)
FN:178,(anonymous_39)
FN:197,(anonymous_40)
FN:199,(anonymous_41)
FN:214,(anonymous_42)
FN:215,(anonymous_43)
FN:221,(anonymous_44)
FN:228,(anonymous_45)
FN:240,(anonymous_46)
FN:244,(anonymous_47)
FN:247,(anonymous_48)
FN:249,(anonymous_49)
FN:251,(anonymous_50)
FN:255,(anonymous_51)
FN:268,(anonymous_52)
FN:291,(anonymous_53)
FN:297,(anonymous_54)
FN:349,(anonymous_55)
FN:356,(anonymous_56)
FNF:54
FNH:34
FNDA:1,(anonymous_3)
FNDA:1,Judge
FNDA:13,(anonymous_5)
FNDA:12,(anonymous_6)
FNDA:13,(anonymous_7)
FNDA:12,(anonymous_8)
FNDA:13,(anonymous_9)
FNDA:12,(anonymous_10)
FNDA:13,(anonymous_11)
FNDA:12,(anonymous_12)
FNDA:13,(anonymous_13)
FNDA:12,(anonymous_14)
FNDA:34,(anonymous_15)
FNDA:0,(anonymous_16)
FNDA:0,(anonymous_17)
FNDA:0,(anonymous_18)
FNDA:0,(anonymous_19)
FNDA:0,(anonymous_20)
FNDA:0,(anonymous_21)
FNDA:0,(anonymous_22)
FNDA:0,(anonymous_23)
FNDA:0,(anonymous_24)
FNDA:0,(anonymous_25)
FNDA:15,(anonymous_26)
FNDA:73,(anonymous_27)
FNDA:15,(anonymous_28)
FNDA:73,(anonymous_29)
FNDA:166,(anonymous_30)
FNDA:24,(anonymous_31)
FNDA:0,(anonymous_32)
FNDA:14,(anonymous_33)
FNDA:34,(anonymous_34)
FNDA:32,(anonymous_35)
FNDA:15,(anonymous_36)
FNDA:16,(anonymous_37)
FNDA:1,(anonymous_38)
FNDA:18,(anonymous_39)
FNDA:3,(anonymous_40)
FNDA:5,(anonymous_41)
FNDA:6,(anonymous_42)
FNDA:11,(anonymous_43)
FNDA:0,(anonymous_44)
FNDA:0,(anonymous_45)
FNDA:0,(anonymous_46)
FNDA:0,(anonymous_47)
FNDA:0,(anonymous_48)
FNDA:0,(anonymous_49)
FNDA:0,(anonymous_50)
FNDA:0,(anonymous_51)
FNDA:1,(anonymous_52)
FNDA:0,(anonymous_53)
FNDA:2,(anonymous_54)
FNDA:4,(anonymous_55)
FNDA:3,(anonymous_56)
DA:1,1
DA:4,1
DA:6,1
DA:11,1
DA:12,1
DA:13,1
DA:14,1
DA:15,13
DA:16,13
DA:17,13
DA:18,13
DA:20,13
DA:24,1
DA:25,34
DA:26,34
DA:27,4
DA:28,30
DA:29,8
DA:31,22
DA:35,1
DA:36,0
DA:37,0
DA:40,1
DA:41,0
DA:42,0
DA:43,0
DA:44,0
DA:46,0
DA:47,0
DA:52,0
DA:53,0
DA:54,0
DA:55,0
DA:56,0
DA:57,0
DA:69,1
DA:70,0
DA:71,0
DA:72,0
DA:73,0
DA:76,0
DA:77,0
DA:80,1
DA:81,0
DA:82,0
DA:83,0
DA:84,0
DA:85,0
DA:89,1
DA:90,0
DA:91,0
DA:92,0
DA:93,0
DA:94,0
DA:95,0
DA:97,0
DA:99,0
DA:100,0
DA:103,0
DA:107,1
DA:108,15
DA:109,73
DA:110,35
DA:115,15
DA:116,15
DA:117,15
DA:118,15
DA:119,73
DA:123,1
DA:124,166
DA:129,1
DA:130,24
DA:131,17
DA:135,1
DA:136,0
DA:137,0
DA:138,0
DA:139,0
DA:141,0
DA:142,0
DA:144,0
DA:146,14
DA:147,14
DA:148,34
DA:149,34
DA:150,32
DA:151,16
DA:155,26
DA:157,15
DA:158,15
DA:159,15
DA:160,1
DA:161,14
DA:163,14
DA:165,14
DA:169,16
DA:170,16
DA:171,1
DA:174,1
DA:178,18
DA:179,15
DA:180,15
DA:181,15
DA:182,18
DA:183,10
DA:184,8
DA:185,1
DA:187,7
DA:188,7
DA:189,7
DA:192,15
DA:194,16
DA:197,1
DA:198,3
DA:200,5
DA:202,3
DA:204,1
DA:206,0
DA:208,1
DA:214,1
DA:215,6
DA:216,11
DA:217,5
DA:218,5
DA:221,1
DA:222,0
DA:223,0
DA:224,0
DA:225,0
DA:229,0
DA:230,0
DA:231,0
DA:232,0
DA:233,0
DA:234,0
DA:235,0
DA:236,0
DA:240,0
DA:244,1
DA:245,0
DA:247,1
DA:248,0
DA:249,0
DA:250,0
DA:251,0
DA:252,0
DA:254,0
DA:255,0
DA:256,0
DA:257,0
DA:258,0
DA:259,0
DA:260,0
DA:261,0
DA:262,0
DA:268,1
DA:274,1
DA:275,1
DA:276,1
DA:278,1
DA:279,1
DA:285,1
DA:291,1
DA:293,0
DA:295,0
DA:297,1
DA:302,2
DA:303,2
DA:305,2
DA:306,2
DA:307,2
DA:309,2
DA:310,2
DA:313,2
DA:349,1
DA:350,4
DA:351,4
DA:352,4
DA:353,4
DA:357,3
DA:358,3
DA:359,3
DA:360,3
DA:361,3
DA:362,3
DA:363,3
DA:364,3
DA:368,4
DA:370,1
LF:189
LH:116
BRDA:20,0,0,1
BRDA:20,0,1,0
BRDA:26,1,0,4
BRDA:26,1,1,30
BRDA:28,2,0,8
BRDA:28,2,1,22
BRDA:36,3,0,0
BRDA:36,3,1,0
BRDA:36,4,0,0
BRDA:36,4,1,0
BRDA:41,5,0,0
BRDA:41,5,1,0
BRDA:44,6,0,0
BRDA:44,6,1,0
BRDA:46,7,0,0
BRDA:46,7,1,0
BRDA:48,8,0,0
BRDA:48,8,1,0
BRDA:52,9,0,0
BRDA:52,9,1,0
BRDA:58,10,0,0
BRDA:58,10,1,0
BRDA:58,10,2,0
BRDA:58,10,3,0
BRDA:76,11,0,0
BRDA:76,11,1,0
BRDA:83,12,0,0
BRDA:83,12,1,0
BRDA:94,13,0,0
BRDA:94,13,1,0
BRDA:99,14,0,0
BRDA:99,14,1,0
BRDA:109,15,0,38
BRDA:109,15,1,35
BRDA:116,16,0,0
BRDA:116,16,1,15
BRDA:125,17,0,56
BRDA:125,17,1,110
BRDA:124,18,0,166
BRDA:124,18,1,140
BRDA:124,18,2,124
BRDA:130,19,0,7
BRDA:130,19,1,17
BRDA:146,20,0,0
BRDA:146,20,1,14
BRDA:148,21,0,2
BRDA:148,21,1,32
BRDA:149,22,0,18
BRDA:149,22,1,16
BRDA:155,23,0,11
BRDA:155,23,1,4
BRDA:158,24,0,0
BRDA:158,24,1,15
BRDA:158,25,0,15
BRDA:158,25,1,15
BRDA:159,26,0,1
BRDA:159,26,1,14
BRDA:170,27,0,1
BRDA:170,27,1,15
BRDA:182,28,0,10
BRDA:182,28,1,8
BRDA:184,29,0,1
BRDA:184,29,1,7
BRDA:201,30,0,3
BRDA:201,30,1,1
BRDA:201,30,2,0
BRDA:201,30,3,1
BRDA:216,31,0,6
BRDA:216,31,1,5
BRDA:217,32,0,0
BRDA:217,32,1,5
BRDA:231,33,0,0
BRDA:231,33,1,0
BRDA:231,34,0,0
BRDA:231,34,1,0
BRDA:235,35,0,0
BRDA:235,35,1,0
BRDA:236,36,0,0
BRDA:236,36,1,0
BRDA:245,37,0,0
BRDA:245,37,1,0
BRDA:245,37,2,0
BRDA:248,38,0,0
BRDA:248,38,1,0
BRDA:252,39,0,0
BRDA:252,39,1,0
BRDA:259,40,0,0
BRDA:259,40,1,0
BRDA:260,41,0,0
BRDA:260,41,1,0
BRDA:261,42,0,0
BRDA:261,42,1,0
BRDA:263,43,0,0
BRDA:263,43,1,0
BRDA:281,44,0,1
BRDA:281,44,1,0
BRDA:281,44,2,1
BRDA:281,44,3,1
BRDA:281,44,4,1
BRDA:281,44,5,1
BRDA:286,45,0,1
BRDA:286,45,1,0
BRDA:286,45,2,1
BRDA:286,45,3,1
BRDA:286,45,4,1
BRDA:286,45,5,1
BRDA:293,46,0,0
BRDA:293,46,1,0
BRDA:293,47,0,0
BRDA:293,47,1,0
BRDA:295,48,0,0
BRDA:295,48,1,0
BRDA:295,48,2,0
BRDA:359,49,0,3
BRDA:359,49,1,0
BRDA:359,50,0,3
BRDA:359,50,1,3
BRDA:363,51,0,0
BRDA:363,51,1,3
BRDA:364,52,0,0
BRDA:364,52,1,3
BRF:121
BRH:54
end_of_record
