TN:
SF:src\app\helpers\judge.ts
FN:6,(anonymous_3)
FN:10,Judge
FN:15,(anonymous_5)
FN:15,(anonymous_6)
FN:16,(anonymous_7)
FN:16,(anonymous_8)
FN:17,(anonymous_9)
FN:17,(anonymous_10)
FN:18,(anonymous_11)
FN:18,(anonymous_12)
FN:20,(anonymous_13)
FN:20,(anonymous_14)
FN:24,(anonymous_15)
FN:35,(anonymous_16)
FN:40,(anonymous_17)
FN:69,(anonymous_18)
FN:71,(anonymous_19)
FN:72,(anonymous_20)
FN:80,(anonymous_21)
FN:83,(anonymous_22)
FN:84,(anonymous_23)
FN:89,(anonymous_24)
FN:90,(anonymous_25)
FN:107,(anonymous_26)
FN:108,(anonymous_27)
FN:115,(anonymous_28)
FN:118,(anonymous_29)
FN:123,(anonymous_30)
FN:129,(anonymous_31)
FN:135,(anonymous_32)
FN:148,(anonymous_33)
FN:156,(anonymous_34)
FN:158,(anonymous_35)
FN:165,(anonymous_36)
FN:170,(anonymous_37)
FN:194,(anonymous_38)
FN:196,(anonymous_39)
FN:211,(anonymous_40)
FN:212,(anonymous_41)
FN:218,(anonymous_42)
FN:225,(anonymous_43)
FN:237,(anonymous_44)
FN:241,(anonymous_45)
FN:244,(anonymous_46)
FN:247,(anonymous_47)
FN:262,(anonymous_48)
FN:282,(anonymous_49)
FN:287,(anonymous_50)
FN:300,(anonymous_51)
FN:307,(anonymous_52)
FNF:50
FNH:32
FNDA:1,(anonymous_3)
FNDA:1,Judge
FNDA:13,(anonymous_5)
FNDA:12,(anonymous_6)
FNDA:13,(anonymous_7)
FNDA:12,(anonymous_8)
FNDA:13,(anonymous_9)
FNDA:12,(anonymous_10)
FNDA:13,(anonymous_11)
FNDA:12,(anonymous_12)
FNDA:13,(anonymous_13)
FNDA:12,(anonymous_14)
FNDA:22,(anonymous_15)
FNDA:0,(anonymous_16)
FNDA:0,(anonymous_17)
FNDA:0,(anonymous_18)
FNDA:0,(anonymous_19)
FNDA:0,(anonymous_20)
FNDA:0,(anonymous_21)
FNDA:0,(anonymous_22)
FNDA:0,(anonymous_23)
FNDA:0,(anonymous_24)
FNDA:0,(anonymous_25)
FNDA:11,(anonymous_26)
FNDA:47,(anonymous_27)
FNDA:11,(anonymous_28)
FNDA:47,(anonymous_29)
FNDA:108,(anonymous_30)
FNDA:14,(anonymous_31)
FNDA:0,(anonymous_32)
FNDA:11,(anonymous_33)
FNDA:22,(anonymous_34)
FNDA:10,(anonymous_35)
FNDA:12,(anonymous_36)
FNDA:1,(anonymous_37)
FNDA:3,(anonymous_38)
FNDA:5,(anonymous_39)
FNDA:3,(anonymous_40)
FNDA:5,(anonymous_41)
FNDA:0,(anonymous_42)
FNDA:0,(anonymous_43)
FNDA:0,(anonymous_44)
FNDA:0,(anonymous_45)
FNDA:0,(anonymous_46)
FNDA:0,(anonymous_47)
FNDA:1,(anonymous_48)
FNDA:0,(anonymous_49)
FNDA:1,(anonymous_50)
FNDA:2,(anonymous_51)
FNDA:2,(anonymous_52)
DA:1,1
DA:4,1
DA:6,1
DA:11,1
DA:12,1
DA:13,1
DA:14,1
DA:15,13
DA:16,13
DA:17,13
DA:18,13
DA:20,13
DA:24,1
DA:25,22
DA:26,22
DA:27,4
DA:28,18
DA:29,8
DA:31,10
DA:35,1
DA:36,0
DA:37,0
DA:40,1
DA:41,0
DA:42,0
DA:43,0
DA:44,0
DA:46,0
DA:47,0
DA:52,0
DA:53,0
DA:54,0
DA:55,0
DA:56,0
DA:57,0
DA:69,1
DA:70,0
DA:71,0
DA:72,0
DA:73,0
DA:76,0
DA:77,0
DA:80,1
DA:81,0
DA:82,0
DA:83,0
DA:84,0
DA:85,0
DA:89,1
DA:90,0
DA:91,0
DA:92,0
DA:93,0
DA:94,0
DA:95,0
DA:97,0
DA:99,0
DA:100,0
DA:103,0
DA:107,1
DA:108,11
DA:109,47
DA:110,23
DA:115,11
DA:116,11
DA:117,11
DA:118,11
DA:119,47
DA:123,1
DA:124,108
DA:129,1
DA:130,14
DA:131,8
DA:135,1
DA:136,0
DA:137,0
DA:138,0
DA:139,0
DA:141,0
DA:142,0
DA:144,0
DA:148,11
DA:150,11
DA:151,11
DA:152,11
DA:153,1
DA:154,10
DA:156,10
DA:157,22
DA:158,10
DA:159,12
DA:162,10
DA:166,12
DA:167,12
DA:168,1
DA:171,1
DA:175,11
DA:176,11
DA:177,11
DA:178,11
DA:179,10
DA:180,7
DA:181,3
DA:182,1
DA:184,2
DA:185,2
DA:186,2
DA:189,11
DA:191,12
DA:194,1
DA:195,3
DA:197,5
DA:199,3
DA:201,1
DA:203,0
DA:205,1
DA:211,1
DA:212,3
DA:213,5
DA:214,3
DA:215,3
DA:218,1
DA:219,0
DA:220,0
DA:221,0
DA:222,0
DA:226,0
DA:227,0
DA:228,0
DA:229,0
DA:230,0
DA:231,0
DA:232,0
DA:233,0
DA:237,0
DA:241,1
DA:242,0
DA:244,1
DA:245,0
DA:246,0
DA:247,0
DA:248,0
DA:249,0
DA:250,0
DA:251,0
DA:253,0
DA:254,0
DA:255,0
DA:257,0
DA:262,1
DA:267,1
DA:268,1
DA:269,1
DA:270,1
DA:276,1
DA:282,1
DA:283,0
DA:285,0
DA:287,1
DA:292,1
DA:293,1
DA:294,1
DA:295,1
DA:296,1
DA:297,1
DA:298,1
DA:300,1
DA:301,2
DA:302,2
DA:303,2
DA:304,2
DA:308,2
DA:309,2
DA:310,2
DA:311,2
DA:312,2
DA:313,2
DA:314,2
DA:315,2
DA:319,2
DA:321,1
LF:181
LH:111
BRDA:20,0,0,1
BRDA:20,0,1,0
BRDA:26,1,0,4
BRDA:26,1,1,18
BRDA:28,2,0,8
BRDA:28,2,1,10
BRDA:36,3,0,0
BRDA:36,3,1,0
BRDA:36,4,0,0
BRDA:36,4,1,0
BRDA:41,5,0,0
BRDA:41,5,1,0
BRDA:44,6,0,0
BRDA:44,6,1,0
BRDA:46,7,0,0
BRDA:46,7,1,0
BRDA:48,8,0,0
BRDA:48,8,1,0
BRDA:52,9,0,0
BRDA:52,9,1,0
BRDA:58,10,0,0
BRDA:58,10,1,0
BRDA:58,10,2,0
BRDA:58,10,3,0
BRDA:76,11,0,0
BRDA:76,11,1,0
BRDA:83,12,0,0
BRDA:83,12,1,0
BRDA:94,13,0,0
BRDA:94,13,1,0
BRDA:99,14,0,0
BRDA:99,14,1,0
BRDA:109,15,0,24
BRDA:109,15,1,23
BRDA:116,16,0,0
BRDA:116,16,1,11
BRDA:125,17,0,56
BRDA:125,17,1,52
BRDA:124,18,0,108
BRDA:124,18,1,82
BRDA:124,18,2,66
BRDA:130,19,0,6
BRDA:130,19,1,8
BRDA:151,20,0,0
BRDA:151,20,1,11
BRDA:151,21,0,11
BRDA:151,21,1,11
BRDA:152,22,0,1
BRDA:152,22,1,10
BRDA:157,23,0,10
BRDA:157,23,1,12
BRDA:167,24,0,1
BRDA:167,24,1,11
BRDA:179,25,0,7
BRDA:179,25,1,3
BRDA:181,26,0,1
BRDA:181,26,1,2
BRDA:198,27,0,3
BRDA:198,27,1,1
BRDA:198,27,2,0
BRDA:198,27,3,1
BRDA:213,28,0,2
BRDA:213,28,1,3
BRDA:214,29,0,0
BRDA:214,29,1,3
BRDA:228,30,0,0
BRDA:228,30,1,0
BRDA:228,31,0,0
BRDA:228,31,1,0
BRDA:232,32,0,0
BRDA:232,32,1,0
BRDA:233,33,0,0
BRDA:233,33,1,0
BRDA:242,34,0,0
BRDA:242,34,1,0
BRDA:242,34,2,0
BRDA:245,35,0,0
BRDA:245,35,1,0
BRDA:249,36,0,0
BRDA:249,36,1,0
BRDA:253,37,0,0
BRDA:253,37,1,0
BRDA:258,38,0,0
BRDA:258,38,1,0
BRDA:272,39,0,1
BRDA:272,39,1,0
BRDA:272,39,2,1
BRDA:272,39,3,1
BRDA:272,39,4,1
BRDA:272,39,5,1
BRDA:277,40,0,1
BRDA:277,40,1,0
BRDA:277,40,2,1
BRDA:277,40,3,1
BRDA:277,40,4,1
BRDA:277,40,5,1
BRDA:283,41,0,0
BRDA:283,41,1,0
BRDA:283,42,0,0
BRDA:283,42,1,0
BRDA:285,43,0,0
BRDA:285,43,1,0
BRDA:285,43,2,0
BRDA:310,44,0,2
BRDA:310,44,1,0
BRDA:310,45,0,2
BRDA:310,45,1,2
BRDA:314,46,0,0
BRDA:314,46,1,2
BRDA:315,47,0,0
BRDA:315,47,1,2
BRF:111
BRH:49
end_of_record
