{"C:\\Users\\edwan\\Documents\\Github\\zhaopengyou-new\\backend\\helpers\\judge.ts": {"path":"C:\\Users\\edwan\\Documents\\Github\\zhaopengyou-new\\backend\\helpers\\judge.ts","statementMap":{"0":{"start":{"line":3,"column":14},"end":{"line":3,"column":92}},"1":{"start":{"line":10,"column":4},"end":{"line":10,"column":23}},"2":{"start":{"line":11,"column":4},"end":{"line":11,"column":27}},"3":{"start":{"line":12,"column":18},"end":{"line":12,"column":77}},"4":{"start":{"line":13,"column":4},"end":{"line":18,"column":6}},"5":{"start":{"line":14,"column":29},"end":{"line":14,"column":47}},"6":{"start":{"line":14,"column":60},"end":{"line":14,"column":67}},"7":{"start":{"line":15,"column":29},"end":{"line":15,"column":47}},"8":{"start":{"line":15,"column":60},"end":{"line":15,"column":67}},"9":{"start":{"line":16,"column":29},"end":{"line":16,"column":47}},"10":{"start":{"line":16,"column":60},"end":{"line":16,"column":67}},"11":{"start":{"line":17,"column":29},"end":{"line":17,"column":47}},"12":{"start":{"line":17,"column":60},"end":{"line":17,"column":67}},"13":{"start":{"line":19,"column":4},"end":{"line":19,"column":131}},"14":{"start":{"line":19,"column":20},"end":{"line":19,"column":131}},"15":{"start":{"line":19,"column":73},"end":{"line":19,"column":91}},"16":{"start":{"line":19,"column":104},"end":{"line":19,"column":118}},"17":{"start":{"line":23,"column":4},"end":{"line":32,"column":null}},"18":{"start":{"line":25,"column":8},"end":{"line":25,"column":17}},"19":{"start":{"line":27,"column":8},"end":{"line":27,"column":18}},"20":{"start":{"line":29,"column":8},"end":{"line":29,"column":18}},"21":{"start":{"line":31,"column":8},"end":{"line":31,"column":17}},"22":{"start":{"line":36,"column":18},"end":{"line":36,"column":66}},"23":{"start":{"line":37,"column":4},"end":{"line":41,"column":null}},"24":{"start":{"line":38,"column":6},"end":{"line":38,"column":21}},"25":{"start":{"line":39,"column":11},"end":{"line":41,"column":null}},"26":{"start":{"line":40,"column":6},"end":{"line":40,"column":24}},"27":{"start":{"line":42,"column":4},"end":{"line":42,"column":17}},"28":{"start":{"line":47,"column":4},"end":{"line":47,"column":65}},"29":{"start":{"line":47,"column":52},"end":{"line":47,"column":65}},"30":{"start":{"line":48,"column":4},"end":{"line":48,"column":55}},"31":{"start":{"line":52,"column":4},"end":{"line":52,"column":60}},"32":{"start":{"line":52,"column":42},"end":{"line":52,"column":60}},"33":{"start":{"line":53,"column":28},"end":{"line":53,"column":50}},"34":{"start":{"line":54,"column":29},"end":{"line":54,"column":52}},"35":{"start":{"line":55,"column":4},"end":{"line":55,"column":56}},"36":{"start":{"line":55,"column":38},"end":{"line":55,"column":56}},"37":{"start":{"line":57,"column":4},"end":{"line":67,"column":null}},"38":{"start":{"line":58,"column":6},"end":{"line":58,"column":null}},"39":{"start":{"line":59,"column":6},"end":{"line":62,"column":null}},"40":{"start":{"line":63,"column":6},"end":{"line":66,"column":8}},"41":{"start":{"line":69,"column":4},"end":{"line":83,"column":null}},"42":{"start":{"line":70,"column":25},"end":{"line":70,"column":77}},"43":{"start":{"line":71,"column":25},"end":{"line":71,"column":76}},"44":{"start":{"line":72,"column":27},"end":{"line":72,"column":81}},"45":{"start":{"line":73,"column":27},"end":{"line":73,"column":80}},"46":{"start":{"line":74,"column":6},"end":{"line":81,"column":8}},"47":{"start":{"line":87,"column":27},"end":{"line":87,"column":58}},"48":{"start":{"line":88,"column":20},"end":{"line":92,"column":6}},"49":{"start":{"line":89,"column":6},"end":{"line":91,"column":9}},"50":{"start":{"line":90,"column":8},"end":{"line":90,"column":44}},"51":{"start":{"line":93,"column":4},"end":{"line":93,"column":35}},"52":{"start":{"line":93,"column":17},"end":{"line":93,"column":35}},"53":{"start":{"line":94,"column":4},"end":{"line":94,"column":61}},"54":{"start":{"line":98,"column":28},"end":{"line":98,"column":53}},"55":{"start":{"line":99,"column":28},"end":{"line":101,"column":35}},"56":{"start":{"line":100,"column":21},"end":{"line":100,"column":85}},"57":{"start":{"line":101,"column":18},"end":{"line":101,"column":34}},"58":{"start":{"line":102,"column":4},"end":{"line":102,"column":68}},"59":{"start":{"line":107,"column":4},"end":{"line":107,"column":27}},"60":{"start":{"line":108,"column":15},"end":{"line":108,"column":33}},"61":{"start":{"line":109,"column":24},"end":{"line":109,"column":25}},"62":{"start":{"line":110,"column":4},"end":{"line":119,"column":null}},"63":{"start":{"line":110,"column":21},"end":{"line":110,"column":22}},"64":{"start":{"line":111,"column":6},"end":{"line":115,"column":null}},"65":{"start":{"line":112,"column":8},"end":{"line":112,"column":24}},"66":{"start":{"line":114,"column":8},"end":{"line":114,"column":26}},"67":{"start":{"line":116,"column":6},"end":{"line":118,"column":null}},"68":{"start":{"line":117,"column":8},"end":{"line":117,"column":20}},"69":{"start":{"line":120,"column":4},"end":{"line":120,"column":17}},"70":{"start":{"line":125,"column":4},"end":{"line":128,"column":11}},"71":{"start":{"line":126,"column":6},"end":{"line":126,"column":59}},"72":{"start":{"line":126,"column":20},"end":{"line":126,"column":59}},"73":{"start":{"line":127,"column":6},"end":{"line":127,"column":34}},"74":{"start":{"line":133,"column":22},"end":{"line":133,"column":44}},"75":{"start":{"line":134,"column":4},"end":{"line":136,"column":7}},"76":{"start":{"line":135,"column":6},"end":{"line":135,"column":43}},"77":{"start":{"line":140,"column":4},"end":{"line":142,"column":25}},"78":{"start":{"line":146,"column":4},"end":{"line":146,"column":74}},"79":{"start":{"line":146,"column":34},"end":{"line":146,"column":74}},"80":{"start":{"line":147,"column":4},"end":{"line":147,"column":39}},"81":{"start":{"line":152,"column":16},"end":{"line":152,"column":18}},"82":{"start":{"line":153,"column":17},"end":{"line":153,"column":41}},"83":{"start":{"line":154,"column":4},"end":{"line":156,"column":null}},"84":{"start":{"line":154,"column":21},"end":{"line":154,"column":22}},"85":{"start":{"line":155,"column":6},"end":{"line":155,"column":81}},"86":{"start":{"line":157,"column":4},"end":{"line":159,"column":null}},"87":{"start":{"line":157,"column":21},"end":{"line":157,"column":22}},"88":{"start":{"line":158,"column":6},"end":{"line":158,"column":35}},"89":{"start":{"line":160,"column":4},"end":{"line":160,"column":17}},"90":{"start":{"line":166,"column":51},"end":{"line":166,"column":76}},"91":{"start":{"line":167,"column":4},"end":{"line":167,"column":91}},"92":{"start":{"line":167,"column":81},"end":{"line":167,"column":91}},"93":{"start":{"line":168,"column":4},"end":{"line":169,"column":108}},"94":{"start":{"line":169,"column":6},"end":{"line":169,"column":108}},"95":{"start":{"line":170,"column":17},"end":{"line":170,"column":39}},"96":{"start":{"line":172,"column":25},"end":{"line":175,"column":10}},"97":{"start":{"line":173,"column":6},"end":{"line":173,"column":139}},"98":{"start":{"line":173,"column":37},"end":{"line":173,"column":139}},"99":{"start":{"line":174,"column":6},"end":{"line":174,"column":71}},"100":{"start":{"line":178,"column":4},"end":{"line":208,"column":13}},"101":{"start":{"line":182,"column":22},"end":{"line":182,"column":37}},"102":{"start":{"line":183,"column":8},"end":{"line":206,"column":null}},"103":{"start":{"line":184,"column":10},"end":{"line":189,"column":12}},"104":{"start":{"line":187,"column":14},"end":{"line":187,"column":83}},"105":{"start":{"line":191,"column":31},"end":{"line":191,"column":50}},"106":{"start":{"line":192,"column":23},"end":{"line":192,"column":24}},"107":{"start":{"line":193,"column":21},"end":{"line":193,"column":65}},"108":{"start":{"line":194,"column":10},"end":{"line":204,"column":null}},"109":{"start":{"line":194,"column":27},"end":{"line":194,"column":28}},"110":{"start":{"line":195,"column":12},"end":{"line":203,"column":null}},"111":{"start":{"line":196,"column":14},"end":{"line":196,"column":23}},"112":{"start":{"line":197,"column":19},"end":{"line":203,"column":null}},"113":{"start":{"line":198,"column":14},"end":{"line":198,"column":61}},"114":{"start":{"line":200,"column":14},"end":{"line":200,"column":58}},"115":{"start":{"line":201,"column":14},"end":{"line":201,"column":25}},"116":{"start":{"line":202,"column":14},"end":{"line":202,"column":70}},"117":{"start":{"line":205,"column":10},"end":{"line":205,"column":54}},"118":{"start":{"line":207,"column":8},"end":{"line":207,"column":21}},"119":{"start":{"line":211,"column":4},"end":{"line":225,"column":6}},"120":{"start":{"line":213,"column":8},"end":{"line":222,"column":null}},"121":{"start":{"line":215,"column":12},"end":{"line":215,"column":55}},"122":{"start":{"line":217,"column":12},"end":{"line":217,"column":80}},"123":{"start":{"line":219,"column":12},"end":{"line":219,"column":109}},"124":{"start":{"line":221,"column":12},"end":{"line":221,"column":23}},"125":{"start":{"line":228,"column":4},"end":{"line":232,"column":11}},"126":{"start":{"line":229,"column":6},"end":{"line":229,"column":40}},"127":{"start":{"line":229,"column":29},"end":{"line":229,"column":40}},"128":{"start":{"line":230,"column":6},"end":{"line":230,"column":83}},"129":{"start":{"line":230,"column":28},"end":{"line":230,"column":83}},"130":{"start":{"line":231,"column":6},"end":{"line":231,"column":42}},"131":{"start":{"line":235,"column":31},"end":{"line":235,"column":65}},"132":{"start":{"line":236,"column":26},"end":{"line":236,"column":55}},"133":{"start":{"line":237,"column":25},"end":{"line":237,"column":86}},"134":{"start":{"line":238,"column":4},"end":{"line":252,"column":9}},"135":{"start":{"line":242,"column":19},"end":{"line":242,"column":30}},"136":{"start":{"line":243,"column":8},"end":{"line":251,"column":null}},"137":{"start":{"line":243,"column":22},"end":{"line":243,"column":34}},"138":{"start":{"line":244,"column":10},"end":{"line":250,"column":null}},"139":{"start":{"line":245,"column":27},"end":{"line":245,"column":78}},"140":{"start":{"line":246,"column":12},"end":{"line":246,"column":45}},"141":{"start":{"line":247,"column":12},"end":{"line":247,"column":40}},"142":{"start":{"line":248,"column":12},"end":{"line":249,"column":67}},"143":{"start":{"line":248,"column":29},"end":{"line":248,"column":67}},"144":{"start":{"line":249,"column":17},"end":{"line":249,"column":67}},"145":{"start":{"line":249,"column":34},"end":{"line":249,"column":67}},"146":{"start":{"line":253,"column":4},"end":{"line":253,"column":67}},"147":{"start":{"line":253,"column":58},"end":{"line":253,"column":65}},"148":{"start":{"line":259,"column":4},"end":{"line":259,"column":null}},"149":{"start":{"line":260,"column":4},"end":{"line":265,"column":null}},"150":{"start":{"line":260,"column":21},"end":{"line":260,"column":35}},"151":{"start":{"line":261,"column":26},"end":{"line":261,"column":35}},"152":{"start":{"line":262,"column":6},"end":{"line":264,"column":null}},"153":{"start":{"line":263,"column":10},"end":{"line":263,"column":null}},"154":{"start":{"line":266,"column":4},"end":{"line":266,"column":null}},"155":{"start":{"line":271,"column":22},"end":{"line":271,"column":36}},"156":{"start":{"line":272,"column":22},"end":{"line":272,"column":23}},"157":{"start":{"line":273,"column":17},"end":{"line":273,"column":19}},"158":{"start":{"line":274,"column":4},"end":{"line":282,"column":null}},"159":{"start":{"line":274,"column":21},"end":{"line":274,"column":35}},"160":{"start":{"line":275,"column":27},"end":{"line":275,"column":36}},"161":{"start":{"line":276,"column":6},"end":{"line":276,"column":null}},"162":{"start":{"line":276,"column":61},"end":{"line":276,"column":81}},"163":{"start":{"line":277,"column":43},"end":{"line":277,"column":99}},"164":{"start":{"line":278,"column":6},"end":{"line":281,"column":null}},"165":{"start":{"line":279,"column":8},"end":{"line":279,"column":35}},"166":{"start":{"line":280,"column":8},"end":{"line":280,"column":31}},"167":{"start":{"line":283,"column":4},"end":{"line":283,"column":33}},"168":{"start":{"line":286,"column":4},"end":{"line":286,"column":null}},"169":{"start":{"line":286,"column":34},"end":{"line":286,"column":64}},"170":{"start":{"line":289,"column":4},"end":{"line":289,"column":null}},"171":{"start":{"line":289,"column":31},"end":{"line":289,"column":null}},"172":{"start":{"line":290,"column":18},"end":{"line":290,"column":23}},"173":{"start":{"line":291,"column":4},"end":{"line":299,"column":null}},"174":{"start":{"line":292,"column":6},"end":{"line":298,"column":null}},"175":{"start":{"line":293,"column":8},"end":{"line":296,"column":null}},"176":{"start":{"line":294,"column":10},"end":{"line":294,"column":null}},"177":{"start":{"line":295,"column":10},"end":{"line":295,"column":39}},"178":{"start":{"line":297,"column":8},"end":{"line":297,"column":null}},"179":{"start":{"line":300,"column":4},"end":{"line":300,"column":null}},"180":{"start":{"line":5,"column":0},"end":{"line":5,"column":13}}},"fnMap":{"0":{"name":"(anonymous_0)","decl":{"start":{"line":9,"column":2},"end":{"line":9,"column":14}},"loc":{"start":{"line":9,"column":45},"end":{"line":20,"column":3}}},"1":{"name":"(anonymous_1)","decl":{"start":{"line":14,"column":22},"end":{"line":14,"column":23}},"loc":{"start":{"line":14,"column":29},"end":{"line":14,"column":47}}},"2":{"name":"(anonymous_2)","decl":{"start":{"line":14,"column":53},"end":{"line":14,"column":54}},"loc":{"start":{"line":14,"column":60},"end":{"line":14,"column":67}}},"3":{"name":"(anonymous_3)","decl":{"start":{"line":15,"column":22},"end":{"line":15,"column":23}},"loc":{"start":{"line":15,"column":29},"end":{"line":15,"column":47}}},"4":{"name":"(anonymous_4)","decl":{"start":{"line":15,"column":53},"end":{"line":15,"column":54}},"loc":{"start":{"line":15,"column":60},"end":{"line":15,"column":67}}},"5":{"name":"(anonymous_5)","decl":{"start":{"line":16,"column":22},"end":{"line":16,"column":23}},"loc":{"start":{"line":16,"column":29},"end":{"line":16,"column":47}}},"6":{"name":"(anonymous_6)","decl":{"start":{"line":16,"column":53},"end":{"line":16,"column":54}},"loc":{"start":{"line":16,"column":60},"end":{"line":16,"column":67}}},"7":{"name":"(anonymous_7)","decl":{"start":{"line":17,"column":22},"end":{"line":17,"column":23}},"loc":{"start":{"line":17,"column":29},"end":{"line":17,"column":47}}},"8":{"name":"(anonymous_8)","decl":{"start":{"line":17,"column":53},"end":{"line":17,"column":54}},"loc":{"start":{"line":17,"column":60},"end":{"line":17,"column":67}}},"9":{"name":"(anonymous_9)","decl":{"start":{"line":19,"column":66},"end":{"line":19,"column":67}},"loc":{"start":{"line":19,"column":73},"end":{"line":19,"column":91}}},"10":{"name":"(anonymous_10)","decl":{"start":{"line":19,"column":97},"end":{"line":19,"column":98}},"loc":{"start":{"line":19,"column":104},"end":{"line":19,"column":118}}},"11":{"name":"(anonymous_11)","decl":{"start":{"line":22,"column":2},"end":{"line":22,"column":10}},"loc":{"start":{"line":22,"column":23},"end":{"line":33,"column":3}}},"12":{"name":"(anonymous_12)","decl":{"start":{"line":35,"column":2},"end":{"line":35,"column":10}},"loc":{"start":{"line":35,"column":23},"end":{"line":43,"column":3}}},"13":{"name":"(anonymous_13)","decl":{"start":{"line":46,"column":2},"end":{"line":46,"column":9}},"loc":{"start":{"line":46,"column":38},"end":{"line":49,"column":3}}},"14":{"name":"(anonymous_14)","decl":{"start":{"line":51,"column":2},"end":{"line":51,"column":9}},"loc":{"start":{"line":51,"column":45},"end":{"line":84,"column":3}}},"15":{"name":"(anonymous_15)","decl":{"start":{"line":86,"column":2},"end":{"line":86,"column":9}},"loc":{"start":{"line":86,"column":44},"end":{"line":95,"column":3}}},"16":{"name":"(anonymous_16)","decl":{"start":{"line":88,"column":32},"end":{"line":88,"column":33}},"loc":{"start":{"line":88,"column":38},"end":{"line":92,"column":5}}},"17":{"name":"(anonymous_17)","decl":{"start":{"line":89,"column":27},"end":{"line":89,"column":28}},"loc":{"start":{"line":89,"column":33},"end":{"line":91,"column":7}}},"18":{"name":"(anonymous_18)","decl":{"start":{"line":97,"column":2},"end":{"line":97,"column":18}},"loc":{"start":{"line":97,"column":90},"end":{"line":103,"column":3}}},"19":{"name":"(anonymous_19)","decl":{"start":{"line":100,"column":14},"end":{"line":100,"column":15}},"loc":{"start":{"line":100,"column":21},"end":{"line":100,"column":85}}},"20":{"name":"(anonymous_20)","decl":{"start":{"line":101,"column":11},"end":{"line":101,"column":12}},"loc":{"start":{"line":101,"column":18},"end":{"line":101,"column":34}}},"21":{"name":"(anonymous_21)","decl":{"start":{"line":106,"column":2},"end":{"line":106,"column":22}},"loc":{"start":{"line":106,"column":64},"end":{"line":121,"column":3}}},"22":{"name":"(anonymous_22)","decl":{"start":{"line":124,"column":2},"end":{"line":124,"column":15}},"loc":{"start":{"line":124,"column":31},"end":{"line":129,"column":3}}},"23":{"name":"(anonymous_23)","decl":{"start":{"line":125,"column":24},"end":{"line":125,"column":25}},"loc":{"start":{"line":125,"column":37},"end":{"line":128,"column":5}}},"24":{"name":"(anonymous_24)","decl":{"start":{"line":132,"column":2},"end":{"line":132,"column":16}},"loc":{"start":{"line":132,"column":32},"end":{"line":137,"column":3}}},"25":{"name":"(anonymous_25)","decl":{"start":{"line":134,"column":23},"end":{"line":134,"column":24}},"loc":{"start":{"line":134,"column":29},"end":{"line":136,"column":5}}},"26":{"name":"(anonymous_26)","decl":{"start":{"line":139,"column":2},"end":{"line":139,"column":9}},"loc":{"start":{"line":139,"column":22},"end":{"line":143,"column":3}}},"27":{"name":"(anonymous_27)","decl":{"start":{"line":145,"column":2},"end":{"line":145,"column":18}},"loc":{"start":{"line":145,"column":46},"end":{"line":148,"column":3}}},"28":{"name":"(anonymous_28)","decl":{"start":{"line":151,"column":2},"end":{"line":151,"column":18}},"loc":{"start":{"line":151,"column":73},"end":{"line":161,"column":3}}},"29":{"name":"(anonymous_29)","decl":{"start":{"line":164,"column":2},"end":{"line":164,"column":11}},"loc":{"start":{"line":164,"column":27},"end":{"line":209,"column":3}}},"30":{"name":"(anonymous_30)","decl":{"start":{"line":172,"column":60},"end":{"line":172,"column":61}},"loc":{"start":{"line":172,"column":74},"end":{"line":175,"column":5}}},"31":{"name":"(anonymous_31)","decl":{"start":{"line":181,"column":14},"end":{"line":181,"column":15}},"loc":{"start":{"line":181,"column":31},"end":{"line":208,"column":7}}},"32":{"name":"(anonymous_32)","decl":{"start":{"line":186,"column":39},"end":{"line":186,"column":40}},"loc":{"start":{"line":186,"column":45},"end":{"line":188,"column":13}}},"33":{"name":"(anonymous_33)","decl":{"start":{"line":210,"column":2},"end":{"line":210,"column":31}},"loc":{"start":{"line":210,"column":97},"end":{"line":226,"column":3}}},"34":{"name":"(anonymous_34)","decl":{"start":{"line":212,"column":6},"end":{"line":212,"column":7}},"loc":{"start":{"line":212,"column":20},"end":{"line":223,"column":7}}},"35":{"name":"(anonymous_35)","decl":{"start":{"line":227,"column":2},"end":{"line":227,"column":33}},"loc":{"start":{"line":227,"column":99},"end":{"line":233,"column":3}}},"36":{"name":"(anonymous_36)","decl":{"start":{"line":228,"column":33},"end":{"line":228,"column":34}},"loc":{"start":{"line":228,"column":47},"end":{"line":232,"column":5}}},"37":{"name":"(anonymous_37)","decl":{"start":{"line":234,"column":2},"end":{"line":234,"column":35}},"loc":{"start":{"line":234,"column":111},"end":{"line":254,"column":3}}},"38":{"name":"(anonymous_38)","decl":{"start":{"line":241,"column":11},"end":{"line":241,"column":12}},"loc":{"start":{"line":241,"column":17},"end":{"line":252,"column":7}}},"39":{"name":"(anonymous_39)","decl":{"start":{"line":253,"column":51},"end":{"line":253,"column":52}},"loc":{"start":{"line":253,"column":58},"end":{"line":253,"column":65}}},"40":{"name":"(anonymous_40)","decl":{"start":{"line":257,"column":2},"end":{"line":257,"column":20}},"loc":{"start":{"line":257,"column":64},"end":{"line":267,"column":3}}},"41":{"name":"(anonymous_41)","decl":{"start":{"line":270,"column":2},"end":{"line":270,"column":16}},"loc":{"start":{"line":270,"column":59},"end":{"line":284,"column":3}}},"42":{"name":"(anonymous_42)","decl":{"start":{"line":276,"column":57},"end":{"line":276,"column":58}},"loc":{"start":{"line":276,"column":61},"end":{"line":276,"column":81}}},"43":{"name":"(anonymous_43)","decl":{"start":{"line":285,"column":2},"end":{"line":285,"column":17}},"loc":{"start":{"line":285,"column":17},"end":{"line":287,"column":3}}},"44":{"name":"(anonymous_44)","decl":{"start":{"line":286,"column":30},"end":{"line":286,"column":31}},"loc":{"start":{"line":286,"column":34},"end":{"line":286,"column":64}}},"45":{"name":"(anonymous_45)","decl":{"start":{"line":288,"column":2},"end":{"line":288,"column":15}},"loc":{"start":{"line":288,"column":31},"end":{"line":301,"column":3}}},"46":{"name":"(anonymous_46)","decl":{"start":{"line":291,"column":14},"end":{"line":291,"column":15}},"loc":{"start":{"line":291,"column":17},"end":{"line":299,"column":5}}},"47":{"name":"(anonymous_47)","decl":{"start":{"line":292,"column":38},"end":{"line":292,"column":39}},"loc":{"start":{"line":292,"column":41},"end":{"line":298,"column":7}}}},"branchMap":{"0":{"loc":{"start":{"line":19,"column":4},"end":{"line":19,"column":131}},"type":"if","locations":[{"start":{"line":19,"column":4},"end":{"line":19,"column":131}},{"start":{"line":19,"column":4},"end":{"line":19,"column":131}}]},"1":{"loc":{"start":{"line":24,"column":6},"end":{"line":25,"column":17}},"type":"switch","locations":[{"start":{"line":24,"column":6},"end":{"line":25,"column":17}},{"start":{"line":26,"column":6},"end":{"line":27,"column":18}},{"start":{"line":28,"column":6},"end":{"line":29,"column":18}},{"start":{"line":30,"column":6},"end":{"line":31,"column":17}}]},"2":{"loc":{"start":{"line":37,"column":4},"end":{"line":41,"column":null}},"type":"if","locations":[{"start":{"line":37,"column":4},"end":{"line":41,"column":null}},{"start":{"line":37,"column":4},"end":{"line":41,"column":null}}]},"3":{"loc":{"start":{"line":39,"column":11},"end":{"line":41,"column":null}},"type":"if","locations":[{"start":{"line":39,"column":11},"end":{"line":41,"column":null}},{"start":{"line":39,"column":11},"end":{"line":41,"column":null}}]},"4":{"loc":{"start":{"line":47,"column":4},"end":{"line":47,"column":65}},"type":"if","locations":[{"start":{"line":47,"column":4},"end":{"line":47,"column":65}},{"start":{"line":47,"column":4},"end":{"line":47,"column":65}}]},"5":{"loc":{"start":{"line":47,"column":8},"end":{"line":47,"column":27}},"type":"binary-expr","locations":[{"start":{"line":47,"column":8},"end":{"line":47,"column":27}},{"start":{"line":47,"column":31},"end":{"line":47,"column":50}}]},"6":{"loc":{"start":{"line":52,"column":4},"end":{"line":52,"column":60}},"type":"if","locations":[{"start":{"line":52,"column":4},"end":{"line":52,"column":60}},{"start":{"line":52,"column":4},"end":{"line":52,"column":60}}]},"7":{"loc":{"start":{"line":55,"column":4},"end":{"line":55,"column":56}},"type":"if","locations":[{"start":{"line":55,"column":4},"end":{"line":55,"column":56}},{"start":{"line":55,"column":4},"end":{"line":55,"column":56}}]},"8":{"loc":{"start":{"line":57,"column":4},"end":{"line":67,"column":null}},"type":"if","locations":[{"start":{"line":57,"column":4},"end":{"line":67,"column":null}},{"start":{"line":57,"column":4},"end":{"line":67,"column":null}}]},"9":{"loc":{"start":{"line":60,"column":8},"end":{"line":60,"column":36}},"type":"binary-expr","locations":[{"start":{"line":60,"column":8},"end":{"line":60,"column":36}},{"start":{"line":60,"column":40},"end":{"line":60,"column":103}}]},"10":{"loc":{"start":{"line":64,"column":8},"end":{"line":64,"column":36}},"type":"binary-expr","locations":[{"start":{"line":64,"column":8},"end":{"line":64,"column":36}},{"start":{"line":64,"column":40},"end":{"line":64,"column":103}}]},"11":{"loc":{"start":{"line":75,"column":8},"end":{"line":75,"column":38}},"type":"binary-expr","locations":[{"start":{"line":75,"column":8},"end":{"line":75,"column":38}},{"start":{"line":76,"column":10},"end":{"line":76,"column":40}},{"start":{"line":77,"column":10},"end":{"line":77,"column":40}},{"start":{"line":78,"column":10},"end":{"line":78,"column":76}}]},"12":{"loc":{"start":{"line":93,"column":4},"end":{"line":93,"column":35}},"type":"if","locations":[{"start":{"line":93,"column":4},"end":{"line":93,"column":35}},{"start":{"line":93,"column":4},"end":{"line":93,"column":35}}]},"13":{"loc":{"start":{"line":100,"column":21},"end":{"line":100,"column":48}},"type":"binary-expr","locations":[{"start":{"line":100,"column":21},"end":{"line":100,"column":48}},{"start":{"line":100,"column":52},"end":{"line":100,"column":85}}]},"14":{"loc":{"start":{"line":111,"column":6},"end":{"line":115,"column":null}},"type":"if","locations":[{"start":{"line":111,"column":6},"end":{"line":115,"column":null}},{"start":{"line":111,"column":6},"end":{"line":115,"column":null}}]},"15":{"loc":{"start":{"line":116,"column":6},"end":{"line":118,"column":null}},"type":"if","locations":[{"start":{"line":116,"column":6},"end":{"line":118,"column":null}},{"start":{"line":116,"column":6},"end":{"line":118,"column":null}}]},"16":{"loc":{"start":{"line":126,"column":6},"end":{"line":126,"column":59}},"type":"if","locations":[{"start":{"line":126,"column":6},"end":{"line":126,"column":59}},{"start":{"line":126,"column":6},"end":{"line":126,"column":59}}]},"17":{"loc":{"start":{"line":141,"column":8},"end":{"line":141,"column":23}},"type":"cond-expr","locations":[{"start":{"line":141,"column":8},"end":{"line":141,"column":23}},{"start":{"line":142,"column":8},"end":{"line":142,"column":24}}]},"18":{"loc":{"start":{"line":140,"column":11},"end":{"line":140,"column":47}},"type":"binary-expr","locations":[{"start":{"line":140,"column":11},"end":{"line":140,"column":47}},{"start":{"line":140,"column":51},"end":{"line":140,"column":75}},{"start":{"line":140,"column":79},"end":{"line":140,"column":114}}]},"19":{"loc":{"start":{"line":146,"column":4},"end":{"line":146,"column":74}},"type":"if","locations":[{"start":{"line":146,"column":4},"end":{"line":146,"column":74}},{"start":{"line":146,"column":4},"end":{"line":146,"column":74}}]},"20":{"loc":{"start":{"line":167,"column":4},"end":{"line":167,"column":91}},"type":"if","locations":[{"start":{"line":167,"column":4},"end":{"line":167,"column":91}},{"start":{"line":167,"column":4},"end":{"line":167,"column":91}}]},"21":{"loc":{"start":{"line":167,"column":8},"end":{"line":167,"column":48}},"type":"binary-expr","locations":[{"start":{"line":167,"column":8},"end":{"line":167,"column":48}},{"start":{"line":167,"column":52},"end":{"line":167,"column":79}}]},"22":{"loc":{"start":{"line":168,"column":4},"end":{"line":169,"column":108}},"type":"if","locations":[{"start":{"line":168,"column":4},"end":{"line":169,"column":108}},{"start":{"line":168,"column":4},"end":{"line":169,"column":108}}]},"23":{"loc":{"start":{"line":173,"column":6},"end":{"line":173,"column":139}},"type":"if","locations":[{"start":{"line":173,"column":6},"end":{"line":173,"column":139}},{"start":{"line":173,"column":6},"end":{"line":173,"column":139}}]},"24":{"loc":{"start":{"line":183,"column":8},"end":{"line":206,"column":null}},"type":"if","locations":[{"start":{"line":183,"column":8},"end":{"line":206,"column":null}},{"start":{"line":183,"column":8},"end":{"line":206,"column":null}}]},"25":{"loc":{"start":{"line":195,"column":12},"end":{"line":203,"column":null}},"type":"if","locations":[{"start":{"line":195,"column":12},"end":{"line":203,"column":null}},{"start":{"line":195,"column":12},"end":{"line":203,"column":null}}]},"26":{"loc":{"start":{"line":197,"column":19},"end":{"line":203,"column":null}},"type":"if","locations":[{"start":{"line":197,"column":19},"end":{"line":203,"column":null}},{"start":{"line":197,"column":19},"end":{"line":203,"column":null}}]},"27":{"loc":{"start":{"line":214,"column":10},"end":{"line":215,"column":55}},"type":"switch","locations":[{"start":{"line":214,"column":10},"end":{"line":215,"column":55}},{"start":{"line":216,"column":10},"end":{"line":217,"column":80}},{"start":{"line":218,"column":10},"end":{"line":219,"column":109}},{"start":{"line":220,"column":10},"end":{"line":221,"column":23}}]},"28":{"loc":{"start":{"line":229,"column":6},"end":{"line":229,"column":40}},"type":"if","locations":[{"start":{"line":229,"column":6},"end":{"line":229,"column":40}},{"start":{"line":229,"column":6},"end":{"line":229,"column":40}}]},"29":{"loc":{"start":{"line":230,"column":6},"end":{"line":230,"column":83}},"type":"if","locations":[{"start":{"line":230,"column":6},"end":{"line":230,"column":83}},{"start":{"line":230,"column":6},"end":{"line":230,"column":83}}]},"30":{"loc":{"start":{"line":244,"column":10},"end":{"line":250,"column":null}},"type":"if","locations":[{"start":{"line":244,"column":10},"end":{"line":250,"column":null}},{"start":{"line":244,"column":10},"end":{"line":250,"column":null}}]},"31":{"loc":{"start":{"line":244,"column":14},"end":{"line":244,"column":36}},"type":"binary-expr","locations":[{"start":{"line":244,"column":14},"end":{"line":244,"column":36}},{"start":{"line":244,"column":40},"end":{"line":244,"column":66}}]},"32":{"loc":{"start":{"line":248,"column":12},"end":{"line":249,"column":67}},"type":"if","locations":[{"start":{"line":248,"column":12},"end":{"line":249,"column":67}},{"start":{"line":248,"column":12},"end":{"line":249,"column":67}}]},"33":{"loc":{"start":{"line":249,"column":17},"end":{"line":249,"column":67}},"type":"if","locations":[{"start":{"line":249,"column":17},"end":{"line":249,"column":67}},{"start":{"line":249,"column":17},"end":{"line":249,"column":67}}]},"34":{"loc":{"start":{"line":262,"column":6},"end":{"line":264,"column":null}},"type":"if","locations":[{"start":{"line":262,"column":6},"end":{"line":264,"column":null}},{"start":{"line":262,"column":6},"end":{"line":264,"column":null}}]},"35":{"loc":{"start":{"line":262,"column":10},"end":{"line":262,"column":42}},"type":"binary-expr","locations":[{"start":{"line":262,"column":10},"end":{"line":262,"column":42}},{"start":{"line":262,"column":46},"end":{"line":262,"column":77}}]},"36":{"loc":{"start":{"line":278,"column":6},"end":{"line":281,"column":null}},"type":"if","locations":[{"start":{"line":278,"column":6},"end":{"line":281,"column":null}},{"start":{"line":278,"column":6},"end":{"line":281,"column":null}}]},"37":{"loc":{"start":{"line":278,"column":9},"end":{"line":278,"column":25}},"type":"binary-expr","locations":[{"start":{"line":278,"column":9},"end":{"line":278,"column":25}},{"start":{"line":278,"column":29},"end":{"line":278,"column":51}}]},"38":{"loc":{"start":{"line":286,"column":34},"end":{"line":286,"column":40}},"type":"binary-expr","locations":[{"start":{"line":286,"column":34},"end":{"line":286,"column":40}},{"start":{"line":286,"column":44},"end":{"line":286,"column":64}}]},"39":{"loc":{"start":{"line":289,"column":4},"end":{"line":289,"column":null}},"type":"if","locations":[{"start":{"line":289,"column":4},"end":{"line":289,"column":null}},{"start":{"line":289,"column":4},"end":{"line":289,"column":null}}]},"40":{"loc":{"start":{"line":293,"column":8},"end":{"line":296,"column":null}},"type":"if","locations":[{"start":{"line":293,"column":8},"end":{"line":296,"column":null}},{"start":{"line":293,"column":8},"end":{"line":296,"column":null}}]}},"s":{"0":1,"1":1,"2":1,"3":1,"4":1,"5":13,"6":12,"7":13,"8":12,"9":13,"10":12,"11":13,"12":12,"13":1,"14":1,"15":13,"16":12,"17":12,"18":1,"19":0,"20":0,"21":11,"22":34,"23":34,"24":0,"25":34,"26":0,"27":34,"28":10,"29":0,"30":10,"31":6,"32":0,"33":6,"34":6,"35":6,"36":0,"37":6,"38":6,"39":6,"40":6,"41":0,"42":0,"43":0,"44":0,"45":0,"46":0,"47":0,"48":0,"49":0,"50":0,"51":0,"52":0,"53":0,"54":0,"55":0,"56":0,"57":0,"58":0,"59":0,"60":0,"61":0,"62":0,"63":0,"64":0,"65":0,"66":0,"67":0,"68":0,"69":0,"70":12,"71":24,"72":11,"73":13,"74":12,"75":12,"76":24,"77":105,"78":2,"79":0,"80":2,"81":0,"82":0,"83":0,"84":0,"85":0,"86":0,"87":0,"88":0,"89":0,"90":12,"91":12,"92":0,"93":12,"94":11,"95":1,"96":1,"97":2,"98":1,"99":1,"100":1,"101":1,"102":1,"103":1,"104":2,"105":0,"106":0,"107":0,"108":0,"109":0,"110":0,"111":0,"112":0,"113":0,"114":0,"115":0,"116":0,"117":0,"118":1,"119":0,"120":0,"121":0,"122":0,"123":0,"124":0,"125":0,"126":0,"127":0,"128":0,"129":0,"130":0,"131":0,"132":0,"133":0,"134":0,"135":0,"136":0,"137":0,"138":0,"139":0,"140":0,"141":0,"142":0,"143":0,"144":0,"145":0,"146":0,"147":0,"148":0,"149":0,"150":0,"151":0,"152":0,"153":0,"154":0,"155":1,"156":1,"157":1,"158":1,"159":1,"160":6,"161":6,"162":12,"163":6,"164":6,"165":0,"166":0,"167":1,"168":0,"169":0,"170":0,"171":0,"172":0,"173":0,"174":0,"175":0,"176":0,"177":0,"178":0,"179":0,"180":1},"f":{"0":1,"1":13,"2":12,"3":13,"4":12,"5":13,"6":12,"7":13,"8":12,"9":13,"10":12,"11":12,"12":34,"13":10,"14":6,"15":0,"16":0,"17":0,"18":0,"19":0,"20":0,"21":0,"22":12,"23":24,"24":12,"25":24,"26":105,"27":2,"28":0,"29":12,"30":2,"31":1,"32":2,"33":0,"34":0,"35":0,"36":0,"37":0,"38":0,"39":0,"40":0,"41":1,"42":12,"43":0,"44":0,"45":0,"46":0,"47":0},"b":{"0":[1,0],"1":[1,0,0,11],"2":[0,34],"3":[0,34],"4":[0,10],"5":[10,10],"6":[0,6],"7":[0,6],"8":[6,0],"9":[6,5],"10":[6,5],"11":[0,0,0,0],"12":[0,0],"13":[0,0],"14":[0,0],"15":[0,0],"16":[11,13],"17":[0,105],"18":[105,105,105],"19":[0,2],"20":[0,12],"21":[12,12],"22":[11,1],"23":[1,1],"24":[1,0],"25":[0,0],"26":[0,0],"27":[0,0,0,0],"28":[0,0],"29":[0,0],"30":[0,0],"31":[0,0],"32":[0,0],"33":[0,0],"34":[0,0],"35":[0,0],"36":[0,6],"37":[6,0],"38":[0,0],"39":[0,0],"40":[0,0]}}
,"C:\\Users\\edwan\\Documents\\Github\\zhaopengyou-new\\backend\\room\\room.schema.ts": {"path":"C:\\Users\\edwan\\Documents\\Github\\zhaopengyou-new\\backend\\room\\room.schema.ts","statementMap":{"0":{"start":{"line":1,"column":0},"end":{"line":1,"column":28}},"1":{"start":{"line":2,"column":13},"end":{"line":4,"column":3}},"2":{"start":{"line":5,"column":13},"end":{"line":5,"column":28}},"3":{"start":{"line":6,"column":13},"end":{"line":10,"column":3}},"4":{"start":{"line":11,"column":13},"end":{"line":18,"column":3}},"5":{"start":{"line":13,"column":24},"end":{"line":13,"column":42}},"6":{"start":{"line":14,"column":24},"end":{"line":14,"column":41}},"7":{"start":{"line":23,"column":0},"end":{"line":23,"column":null}},"8":{"start":{"line":24,"column":2},"end":{"line":24,"column":null}},"9":{"start":{"line":25,"column":2},"end":{"line":25,"column":null}},"10":{"start":{"line":26,"column":2},"end":{"line":26,"column":null}},"11":{"start":{"line":27,"column":2},"end":{"line":27,"column":null}}},"fnMap":{"0":{"name":"(anonymous_0)","decl":{"start":{"line":13,"column":12},"end":{"line":13,"column":13}},"loc":{"start":{"line":13,"column":24},"end":{"line":13,"column":42}}},"1":{"name":"(anonymous_1)","decl":{"start":{"line":14,"column":12},"end":{"line":14,"column":13}},"loc":{"start":{"line":14,"column":24},"end":{"line":14,"column":41}}},"2":{"name":"(anonymous_2)","decl":{"start":{"line":23,"column":0},"end":{"line":23,"column":12}},"loc":{"start":{"line":23,"column":22},"end":{"line":28,"column":1}}}},"branchMap":{"0":{"loc":{"start":{"line":23,"column":12},"end":{"line":23,"column":22}},"type":"binary-expr","locations":[{"start":{"line":23,"column":12},"end":{"line":23,"column":22}},{"start":{"line":23,"column":12},"end":{"line":23,"column":null}}]}},"s":{"0":1,"1":1,"2":1,"3":1,"4":1,"5":0,"6":0,"7":1,"8":1,"9":1,"10":1,"11":1},"f":{"0":0,"1":0,"2":1},"b":{"0":[1,1]}}
}
