TN:
SF:helpers\judge.ts
FN:9,(anonymous_0)
FN:14,(anonymous_1)
FN:14,(anonymous_2)
FN:15,(anonymous_3)
FN:15,(anonymous_4)
FN:16,(anonymous_5)
FN:16,(anonymous_6)
FN:17,(anonymous_7)
FN:17,(anonymous_8)
FN:19,(anonymous_9)
FN:19,(anonymous_10)
FN:22,(anonymous_11)
FN:35,(anonymous_12)
FN:46,(anonymous_13)
FN:51,(anonymous_14)
FN:86,(anonymous_15)
FN:88,(anonymous_16)
FN:89,(anonymous_17)
FN:97,(anonymous_18)
FN:100,(anonymous_19)
FN:101,(anonymous_20)
FN:106,(anonymous_21)
FN:124,(anonymous_22)
FN:125,(anonymous_23)
FN:132,(anonymous_24)
FN:134,(anonymous_25)
FN:139,(anonymous_26)
FN:145,(anonymous_27)
FN:151,(anonymous_28)
FN:164,(anonymous_29)
FN:172,(anonymous_30)
FN:181,(anonymous_31)
FN:186,(anonymous_32)
FN:210,(anonymous_33)
FN:212,(anonymous_34)
FN:227,(anonymous_35)
FN:228,(anonymous_36)
FN:234,(anonymous_37)
FN:241,(anonymous_38)
FN:253,(anonymous_39)
FN:257,(anonymous_40)
FN:270,(anonymous_41)
FN:276,(anonymous_42)
FN:285,(anonymous_43)
FN:286,(anonymous_44)
FN:288,(anonymous_45)
FN:291,(anonymous_46)
FN:292,(anonymous_47)
FNF:48
FNH:27
FNDA:1,(anonymous_0)
FNDA:13,(anonymous_1)
FNDA:12,(anonymous_2)
FNDA:13,(anonymous_3)
FNDA:12,(anonymous_4)
FNDA:13,(anonymous_5)
FNDA:12,(anonymous_6)
FNDA:13,(anonymous_7)
FNDA:12,(anonymous_8)
FNDA:13,(anonymous_9)
FNDA:12,(anonymous_10)
FNDA:12,(anonymous_11)
FNDA:34,(anonymous_12)
FNDA:10,(anonymous_13)
FNDA:6,(anonymous_14)
FNDA:0,(anonymous_15)
FNDA:0,(anonymous_16)
FNDA:0,(anonymous_17)
FNDA:0,(anonymous_18)
FNDA:0,(anonymous_19)
FNDA:0,(anonymous_20)
FNDA:0,(anonymous_21)
FNDA:12,(anonymous_22)
FNDA:24,(anonymous_23)
FNDA:12,(anonymous_24)
FNDA:24,(anonymous_25)
FNDA:105,(anonymous_26)
FNDA:2,(anonymous_27)
FNDA:0,(anonymous_28)
FNDA:12,(anonymous_29)
FNDA:2,(anonymous_30)
FNDA:1,(anonymous_31)
FNDA:2,(anonymous_32)
FNDA:0,(anonymous_33)
FNDA:0,(anonymous_34)
FNDA:0,(anonymous_35)
FNDA:0,(anonymous_36)
FNDA:0,(anonymous_37)
FNDA:0,(anonymous_38)
FNDA:0,(anonymous_39)
FNDA:0,(anonymous_40)
FNDA:1,(anonymous_41)
FNDA:12,(anonymous_42)
FNDA:0,(anonymous_43)
FNDA:0,(anonymous_44)
FNDA:0,(anonymous_45)
FNDA:0,(anonymous_46)
FNDA:0,(anonymous_47)
DA:3,1
DA:5,1
DA:10,1
DA:11,1
DA:12,1
DA:13,1
DA:14,13
DA:15,13
DA:16,13
DA:17,13
DA:19,13
DA:23,12
DA:25,1
DA:27,0
DA:29,0
DA:31,11
DA:36,34
DA:37,34
DA:38,0
DA:39,34
DA:40,0
DA:42,34
DA:47,10
DA:48,10
DA:52,6
DA:53,6
DA:54,6
DA:55,6
DA:57,6
DA:58,6
DA:59,6
DA:63,6
DA:69,0
DA:70,0
DA:71,0
DA:72,0
DA:73,0
DA:74,0
DA:87,0
DA:88,0
DA:89,0
DA:90,0
DA:93,0
DA:94,0
DA:98,0
DA:99,0
DA:100,0
DA:101,0
DA:102,0
DA:107,0
DA:108,0
DA:109,0
DA:110,0
DA:111,0
DA:112,0
DA:114,0
DA:116,0
DA:117,0
DA:120,0
DA:125,12
DA:126,24
DA:127,13
DA:133,12
DA:134,12
DA:135,24
DA:140,105
DA:146,2
DA:147,2
DA:152,0
DA:153,0
DA:154,0
DA:155,0
DA:157,0
DA:158,0
DA:160,0
DA:166,12
DA:167,12
DA:168,12
DA:169,11
DA:170,1
DA:172,1
DA:173,2
DA:174,1
DA:178,1
DA:182,1
DA:183,1
DA:184,1
DA:187,2
DA:191,0
DA:192,0
DA:193,0
DA:194,0
DA:195,0
DA:196,0
DA:197,0
DA:198,0
DA:200,0
DA:201,0
DA:202,0
DA:205,0
DA:207,1
DA:211,0
DA:213,0
DA:215,0
DA:217,0
DA:219,0
DA:221,0
DA:228,0
DA:229,0
DA:230,0
DA:231,0
DA:235,0
DA:236,0
DA:237,0
DA:238,0
DA:242,0
DA:243,0
DA:244,0
DA:245,0
DA:246,0
DA:247,0
DA:248,0
DA:249,0
DA:253,0
DA:259,0
DA:260,0
DA:261,0
DA:262,0
DA:263,0
DA:266,0
DA:271,1
DA:272,1
DA:273,1
DA:274,1
DA:275,6
DA:276,12
DA:277,6
DA:278,6
DA:279,0
DA:280,0
DA:283,1
DA:286,0
DA:289,0
DA:290,0
DA:291,0
DA:292,0
DA:293,0
DA:294,0
DA:295,0
DA:297,0
DA:300,0
LF:151
LH:60
BRDA:19,0,0,1
BRDA:19,0,1,0
BRDA:24,1,0,1
BRDA:24,1,1,0
BRDA:24,1,2,0
BRDA:24,1,3,11
BRDA:37,2,0,0
BRDA:37,2,1,34
BRDA:39,3,0,0
BRDA:39,3,1,34
BRDA:47,4,0,0
BRDA:47,4,1,10
BRDA:47,5,0,10
BRDA:47,5,1,10
BRDA:52,6,0,0
BRDA:52,6,1,6
BRDA:55,7,0,0
BRDA:55,7,1,6
BRDA:57,8,0,6
BRDA:57,8,1,0
BRDA:60,9,0,6
BRDA:60,9,1,5
BRDA:64,10,0,6
BRDA:64,10,1,5
BRDA:75,11,0,0
BRDA:75,11,1,0
BRDA:75,11,2,0
BRDA:75,11,3,0
BRDA:93,12,0,0
BRDA:93,12,1,0
BRDA:100,13,0,0
BRDA:100,13,1,0
BRDA:111,14,0,0
BRDA:111,14,1,0
BRDA:116,15,0,0
BRDA:116,15,1,0
BRDA:126,16,0,11
BRDA:126,16,1,13
BRDA:141,17,0,0
BRDA:141,17,1,105
BRDA:140,18,0,105
BRDA:140,18,1,105
BRDA:140,18,2,105
BRDA:146,19,0,0
BRDA:146,19,1,2
BRDA:167,20,0,0
BRDA:167,20,1,12
BRDA:167,21,0,12
BRDA:167,21,1,12
BRDA:168,22,0,11
BRDA:168,22,1,1
BRDA:173,23,0,1
BRDA:173,23,1,1
BRDA:183,24,0,1
BRDA:183,24,1,0
BRDA:195,25,0,0
BRDA:195,25,1,0
BRDA:197,26,0,0
BRDA:197,26,1,0
BRDA:214,27,0,0
BRDA:214,27,1,0
BRDA:214,27,2,0
BRDA:214,27,3,0
BRDA:229,28,0,0
BRDA:229,28,1,0
BRDA:230,29,0,0
BRDA:230,29,1,0
BRDA:244,30,0,0
BRDA:244,30,1,0
BRDA:244,31,0,0
BRDA:244,31,1,0
BRDA:248,32,0,0
BRDA:248,32,1,0
BRDA:249,33,0,0
BRDA:249,33,1,0
BRDA:262,34,0,0
BRDA:262,34,1,0
BRDA:262,35,0,0
BRDA:262,35,1,0
BRDA:278,36,0,0
BRDA:278,36,1,6
BRDA:278,37,0,6
BRDA:278,37,1,0
BRDA:286,38,0,0
BRDA:286,38,1,0
BRDA:289,39,0,0
BRDA:289,39,1,0
BRDA:293,40,0,0
BRDA:293,40,1,0
BRF:89
BRH:32
end_of_record
TN:
SF:room\room.schema.ts
FN:13,(anonymous_0)
FN:14,(anonymous_1)
FN:23,(anonymous_2)
FNF:3
FNH:1
FNDA:0,(anonymous_0)
FNDA:0,(anonymous_1)
FNDA:1,(anonymous_2)
DA:1,1
DA:2,1
DA:5,1
DA:6,1
DA:11,1
DA:13,0
DA:14,0
DA:23,1
DA:24,1
DA:25,1
DA:26,1
DA:27,1
LF:12
LH:10
BRDA:23,0,0,1
BRDA:23,0,1,1
BRF:2
BRH:2
end_of_record
