TN:
SF:app.ts
FN:13,createApplication
FN:22,(anonymous_1)
FNF:2
FNH:2
FNDA:1,createApplication
FNDA:1,(anonymous_1)
DA:3,1
DA:6,1
DA:13,1
DA:18,1
DA:22,1
DA:23,1
DA:24,1
DA:27,1
LF:8
LH:8
BRDA:16,0,0,0
BRF:1
BRH:0
end_of_record
TN:
SF:events.ts
FN:12,(anonymous_0)
FNF:1
FNH:1
FNDA:2,(anonymous_0)
DA:12,2
DA:13,2
DA:14,2
DA:15,2
DA:16,2
DA:17,2
LF:6
LH:6
BRDA:12,0,0,2
BRDA:12,0,1,2
BRF:2
BRH:2
end_of_record
TN:
SF:index.ts
FN:26,(anonymous_0)
FNF:1
FNH:1
FNDA:1,(anonymous_0)
DA:2,1
DA:3,1
DA:4,1
DA:5,1
DA:7,1
DA:9,1
DA:26,1
DA:27,1
DA:29,1
LF:9
LH:9
BRF:0
BRH:0
end_of_record
TN:
SF:utils.ts
FN:3,(anonymous_0)
FN:10,sanitizeErrorMessage
FN:18,mapErrorDetails
FN:19,(anonymous_3)
FNF:4
FNH:1
FNDA:3,(anonymous_0)
FNDA:0,sanitizeErrorMessage
FNDA:0,mapErrorDetails
FNDA:0,(anonymous_3)
DA:3,3
DA:4,3
DA:5,3
DA:8,3
DA:10,3
DA:11,0
DA:12,0
DA:14,0
DA:18,3
DA:19,0
LF:10
LH:6
BRDA:3,0,0,3
BRDA:3,0,1,3
BRDA:11,1,0,0
BRDA:11,1,1,0
BRF:4
BRH:2
end_of_record
TN:
SF:helpers\helper.ts
FN:5,newDeck
FN:9,(anonymous_1)
FN:10,(anonymous_2)
FN:17,shuffle
FN:34,resolvePlay
FN:37,(anonymous_5)
FN:43,(anonymous_6)
FN:43,(anonymous_7)
FN:51,(anonymous_8)
FN:55,(anonymous_9)
FN:59,(anonymous_10)
FN:67,(anonymous_11)
FN:78,(anonymous_12)
FN:91,(anonymous_13)
FN:96,(anonymous_14)
FN:96,(anonymous_15)
FN:105,(anonymous_16)
FN:124,(anonymous_17)
FN:145,(anonymous_18)
FNF:19
FNH:0
FNDA:0,newDeck
FNDA:0,(anonymous_1)
FNDA:0,(anonymous_2)
FNDA:0,shuffle
FNDA:0,resolvePlay
FNDA:0,(anonymous_5)
FNDA:0,(anonymous_6)
FNDA:0,(anonymous_7)
FNDA:0,(anonymous_8)
FNDA:0,(anonymous_9)
FNDA:0,(anonymous_10)
FNDA:0,(anonymous_11)
FNDA:0,(anonymous_12)
FNDA:0,(anonymous_13)
FNDA:0,(anonymous_14)
FNDA:0,(anonymous_15)
FNDA:0,(anonymous_16)
FNDA:0,(anonymous_17)
FNDA:0,(anonymous_18)
DA:1,1
DA:3,1
DA:4,1
DA:5,1
DA:6,0
DA:7,0
DA:8,0
DA:10,0
DA:11,0
DA:15,0
DA:17,1
DA:18,0
DA:22,0
DA:24,0
DA:25,0
DA:28,0
DA:31,0
DA:34,1
DA:35,0
DA:36,0
DA:37,0
DA:38,0
DA:39,0
DA:40,0
DA:41,0
DA:42,0
DA:43,0
DA:45,0
DA:46,0
DA:47,0
DA:48,0
DA:51,0
DA:54,0
DA:55,0
DA:57,0
DA:59,0
DA:60,0
DA:61,0
DA:62,0
DA:63,0
DA:67,0
DA:68,0
DA:69,0
DA:73,0
DA:74,0
DA:75,0
DA:76,0
DA:77,0
DA:78,0
DA:79,0
DA:80,0
DA:82,0
DA:88,0
DA:90,0
DA:91,0
DA:92,0
DA:93,0
DA:96,0
DA:97,0
DA:99,0
DA:100,0
DA:101,0
DA:102,0
DA:104,0
DA:105,0
DA:106,0
DA:107,0
DA:108,0
DA:111,0
DA:112,0
DA:113,0
DA:114,0
DA:115,0
DA:119,0
DA:123,0
DA:124,0
DA:125,0
DA:126,0
DA:127,0
DA:129,0
DA:132,0
DA:133,0
DA:134,0
DA:135,0
DA:136,0
DA:140,0
DA:145,0
DA:146,0
DA:149,0
DA:155,0
DA:158,0
LF:91
LH:6
BRDA:35,0,0,0
BRDA:35,0,1,0
BRDA:37,1,0,0
BRDA:37,1,1,0
BRDA:38,2,0,0
BRDA:38,2,1,0
BRDA:43,3,0,0
BRDA:43,3,1,0
BRDA:43,4,0,0
BRDA:43,4,1,0
BRDA:43,4,2,0
BRDA:43,5,0,0
BRDA:43,5,1,0
BRDA:43,5,2,0
BRDA:45,6,0,0
BRDA:45,6,1,0
BRDA:47,7,0,0
BRDA:47,7,1,0
BRDA:55,8,0,0
BRDA:55,8,1,0
BRDA:59,9,0,0
BRDA:59,9,1,0
BRDA:59,10,0,0
BRDA:59,10,1,0
BRDA:59,10,2,0
BRDA:68,11,0,0
BRDA:68,11,1,0
BRDA:75,12,0,0
BRDA:75,12,1,0
BRDA:76,13,0,0
BRDA:76,13,1,0
BRDA:77,14,0,0
BRDA:77,14,1,0
BRDA:79,15,0,0
BRDA:79,15,1,0
BRDA:79,16,0,0
BRDA:79,16,1,0
BRDA:88,17,0,0
BRDA:88,17,1,0
BRDA:90,18,0,0
BRDA:90,18,1,0
BRDA:96,19,0,0
BRDA:96,19,1,0
BRDA:102,20,0,0
BRDA:102,20,1,0
BRDA:106,21,0,0
BRDA:106,21,1,0
BRDA:106,22,0,0
BRDA:106,22,1,0
BRDA:113,23,0,0
BRDA:113,23,1,0
BRDA:125,24,0,0
BRDA:125,24,1,0
BRDA:125,25,0,0
BRDA:125,25,1,0
BRDA:134,26,0,0
BRDA:134,26,1,0
BRF:57
BRH:0
end_of_record
TN:
SF:helpers\judge.ts
FN:13,(anonymous_0)
FN:18,(anonymous_1)
FN:18,(anonymous_2)
FN:19,(anonymous_3)
FN:19,(anonymous_4)
FN:20,(anonymous_5)
FN:20,(anonymous_6)
FN:21,(anonymous_7)
FN:21,(anonymous_8)
FN:23,(anonymous_9)
FN:23,(anonymous_10)
FN:26,(anonymous_11)
FN:31,(anonymous_12)
FN:35,(anonymous_13)
FN:36,(anonymous_14)
FN:52,(anonymous_15)
FN:65,(anonymous_16)
FN:76,(anonymous_17)
FN:81,(anonymous_18)
FN:112,(anonymous_19)
FN:113,(anonymous_20)
FN:114,(anonymous_21)
FN:120,(anonymous_22)
FN:121,(anonymous_23)
FN:132,(anonymous_24)
FN:144,(anonymous_25)
FN:153,(anonymous_26)
FN:156,(anonymous_27)
FN:157,(anonymous_28)
FN:164,(anonymous_29)
FN:182,(anonymous_30)
FN:183,(anonymous_31)
FN:190,(anonymous_32)
FN:192,(anonymous_33)
FN:197,(anonymous_34)
FN:203,(anonymous_35)
FN:209,(anonymous_36)
FN:217,(anonymous_37)
FN:226,(anonymous_38)
FN:234,(anonymous_39)
FN:243,(anonymous_40)
FN:248,(anonymous_41)
FN:253,(anonymous_42)
FN:275,(anonymous_43)
FN:277,(anonymous_44)
FN:292,(anonymous_45)
FN:293,(anonymous_46)
FN:299,(anonymous_47)
FN:306,(anonymous_48)
FN:318,(anonymous_49)
FN:322,(anonymous_50)
FN:335,(anonymous_51)
FN:341,(anonymous_52)
FN:350,(anonymous_53)
FN:351,(anonymous_54)
FN:353,(anonymous_55)
FN:356,(anonymous_56)
FN:357,(anonymous_57)
FNF:58
FNH:28
FNDA:4,(anonymous_0)
FNDA:52,(anonymous_1)
FNDA:48,(anonymous_2)
FNDA:52,(anonymous_3)
FNDA:48,(anonymous_4)
FNDA:52,(anonymous_5)
FNDA:48,(anonymous_6)
FNDA:52,(anonymous_7)
FNDA:48,(anonymous_8)
FNDA:52,(anonymous_9)
FNDA:48,(anonymous_10)
FNDA:0,(anonymous_11)
FNDA:0,(anonymous_12)
FNDA:0,(anonymous_13)
FNDA:0,(anonymous_14)
FNDA:12,(anonymous_15)
FNDA:36,(anonymous_16)
FNDA:10,(anonymous_17)
FNDA:6,(anonymous_18)
FNDA:0,(anonymous_19)
FNDA:0,(anonymous_20)
FNDA:0,(anonymous_21)
FNDA:0,(anonymous_22)
FNDA:0,(anonymous_23)
FNDA:0,(anonymous_24)
FNDA:0,(anonymous_25)
FNDA:0,(anonymous_26)
FNDA:0,(anonymous_27)
FNDA:0,(anonymous_28)
FNDA:0,(anonymous_29)
FNDA:15,(anonymous_30)
FNDA:40,(anonymous_31)
FNDA:15,(anonymous_32)
FNDA:40,(anonymous_33)
FNDA:129,(anonymous_34)
FNDA:7,(anonymous_35)
FNDA:0,(anonymous_36)
FNDA:0,(anonymous_37)
FNDA:15,(anonymous_38)
FNDA:10,(anonymous_39)
FNDA:6,(anonymous_40)
FNDA:3,(anonymous_41)
FNDA:3,(anonymous_42)
FNDA:0,(anonymous_43)
FNDA:0,(anonymous_44)
FNDA:0,(anonymous_45)
FNDA:0,(anonymous_46)
FNDA:0,(anonymous_47)
FNDA:0,(anonymous_48)
FNDA:0,(anonymous_49)
FNDA:0,(anonymous_50)
FNDA:1,(anonymous_51)
FNDA:12,(anonymous_52)
FNDA:0,(anonymous_53)
FNDA:0,(anonymous_54)
FNDA:0,(anonymous_55)
FNDA:0,(anonymous_56)
FNDA:0,(anonymous_57)
DA:3,3
DA:5,3
DA:14,4
DA:15,4
DA:16,4
DA:17,4
DA:18,52
DA:19,52
DA:20,52
DA:21,52
DA:23,52
DA:27,0
DA:28,0
DA:29,0
DA:32,0
DA:33,0
DA:36,0
DA:37,0
DA:40,0
DA:41,0
DA:42,0
DA:43,0
DA:44,0
DA:45,0
DA:46,0
DA:47,0
DA:49,0
DA:53,12
DA:55,1
DA:57,0
DA:59,0
DA:61,11
DA:66,36
DA:67,36
DA:68,2
DA:69,34
DA:70,2
DA:72,32
DA:77,10
DA:78,10
DA:82,6
DA:83,6
DA:84,6
DA:85,6
DA:86,6
DA:88,6
DA:89,6
DA:95,0
DA:96,0
DA:97,0
DA:98,0
DA:99,0
DA:100,0
DA:113,0
DA:114,0
DA:116,0
DA:118,0
DA:119,0
DA:120,0
DA:121,0
DA:122,0
DA:123,0
DA:124,0
DA:125,0
DA:127,0
DA:131,0
DA:132,0
DA:133,0
DA:134,0
DA:135,0
DA:137,0
DA:140,0
DA:143,0
DA:144,0
DA:145,0
DA:146,0
DA:149,0
DA:154,0
DA:155,0
DA:156,0
DA:157,0
DA:158,0
DA:160,0
DA:165,0
DA:166,0
DA:167,0
DA:168,0
DA:169,0
DA:170,0
DA:172,0
DA:174,0
DA:175,0
DA:178,0
DA:183,15
DA:184,40
DA:185,21
DA:191,15
DA:192,15
DA:193,40
DA:198,129
DA:204,7
DA:205,5
DA:210,0
DA:211,0
DA:212,0
DA:213,0
DA:215,0
DA:218,0
DA:219,0
DA:220,0
DA:222,0
DA:228,15
DA:229,15
DA:230,15
DA:231,11
DA:232,4
DA:234,4
DA:235,10
DA:236,6
DA:238,4
DA:240,4
DA:244,6
DA:245,6
DA:246,2
DA:249,3
DA:253,4
DA:254,4
DA:255,4
DA:256,4
DA:257,4
DA:258,3
DA:259,3
DA:260,3
DA:261,0
DA:262,0
DA:264,0
DA:265,0
DA:266,0
DA:269,4
DA:271,6
DA:272,6
DA:276,0
DA:278,0
DA:280,0
DA:282,0
DA:284,0
DA:286,0
DA:293,0
DA:294,0
DA:295,0
DA:296,0
DA:300,0
DA:301,0
DA:302,0
DA:303,0
DA:307,0
DA:308,0
DA:309,0
DA:310,0
DA:311,0
DA:312,0
DA:313,0
DA:314,0
DA:318,0
DA:324,0
DA:325,0
DA:326,0
DA:327,0
DA:328,0
DA:331,0
DA:336,1
DA:337,1
DA:338,1
DA:339,1
DA:340,6
DA:341,12
DA:342,6
DA:343,6
DA:344,0
DA:345,0
DA:348,1
DA:351,0
DA:354,0
DA:355,0
DA:356,0
DA:357,0
DA:358,0
DA:359,0
DA:360,0
DA:362,0
DA:365,0
DA:366,0
LF:192
LH:72
BRDA:23,0,0,4
BRDA:23,0,1,0
BRDA:40,1,0,0
BRDA:40,1,1,0
BRDA:42,2,0,0
BRDA:42,2,1,0
BRDA:44,3,0,0
BRDA:44,3,1,0
BRDA:46,4,0,0
BRDA:46,4,1,0
BRDA:54,5,0,1
BRDA:54,5,1,0
BRDA:54,5,2,0
BRDA:54,5,3,11
BRDA:67,6,0,2
BRDA:67,6,1,34
BRDA:69,7,0,2
BRDA:69,7,1,32
BRDA:77,8,0,0
BRDA:77,8,1,10
BRDA:77,9,0,10
BRDA:77,9,1,10
BRDA:82,10,0,0
BRDA:82,10,1,6
BRDA:85,11,0,6
BRDA:85,11,1,5
BRDA:86,12,0,0
BRDA:86,12,1,6
BRDA:88,13,0,6
BRDA:88,13,1,0
BRDA:90,14,0,6
BRDA:90,14,1,5
BRDA:101,15,0,0
BRDA:101,15,1,0
BRDA:101,15,2,0
BRDA:101,15,3,0
BRDA:118,16,0,0
BRDA:118,16,1,0
BRDA:123,17,0,0
BRDA:123,17,1,0
BRDA:131,18,0,0
BRDA:131,18,1,0
BRDA:133,19,0,0
BRDA:133,19,1,0
BRDA:134,20,0,0
BRDA:134,20,1,0
BRDA:135,21,0,0
BRDA:135,21,1,0
BRDA:156,22,0,0
BRDA:156,22,1,0
BRDA:169,23,0,0
BRDA:169,23,1,0
BRDA:174,24,0,0
BRDA:174,24,1,0
BRDA:184,25,0,19
BRDA:184,25,1,21
BRDA:199,26,0,18
BRDA:199,26,1,111
BRDA:198,27,0,129
BRDA:198,27,1,119
BRDA:198,27,2,119
BRDA:204,28,0,2
BRDA:204,28,1,5
BRDA:229,29,0,0
BRDA:229,29,1,15
BRDA:229,30,0,15
BRDA:229,30,1,15
BRDA:230,31,0,11
BRDA:230,31,1,4
BRDA:235,32,0,4
BRDA:235,32,1,6
BRDA:245,33,0,2
BRDA:245,33,1,4
BRDA:259,34,0,3
BRDA:259,34,1,0
BRDA:261,35,0,0
BRDA:261,35,1,0
BRDA:279,36,0,0
BRDA:279,36,1,0
BRDA:279,36,2,0
BRDA:279,36,3,0
BRDA:294,37,0,0
BRDA:294,37,1,0
BRDA:295,38,0,0
BRDA:295,38,1,0
BRDA:309,39,0,0
BRDA:309,39,1,0
BRDA:309,40,0,0
BRDA:309,40,1,0
BRDA:313,41,0,0
BRDA:313,41,1,0
BRDA:314,42,0,0
BRDA:314,42,1,0
BRDA:327,43,0,0
BRDA:327,43,1,0
BRDA:327,44,0,0
BRDA:327,44,1,0
BRDA:343,45,0,0
BRDA:343,45,1,6
BRDA:343,46,0,6
BRDA:343,46,1,0
BRDA:351,47,0,0
BRDA:351,47,1,0
BRDA:354,48,0,0
BRDA:354,48,1,0
BRDA:358,49,0,0
BRDA:358,49,1,0
BRDA:359,50,0,0
BRDA:359,50,1,0
BRF:109
BRH:38
end_of_record
TN:
SF:room\hand.repository.ts
FN:4,(anonymous_0)
FN:7,(anonymous_1)
FN:15,(anonymous_2)
FN:22,(anonymous_3)
FN:31,(anonymous_4)
FN:34,(anonymous_5)
FN:45,(anonymous_6)
FNF:7
FNH:6
FNDA:2,(anonymous_0)
FNDA:1,(anonymous_1)
FNDA:0,(anonymous_2)
FNDA:2,(anonymous_3)
FNDA:2,(anonymous_4)
FNDA:1,(anonymous_5)
FNDA:1,(anonymous_6)
DA:1,2
DA:4,2
DA:5,2
DA:8,1
DA:10,1
DA:12,0
DA:16,0
DA:17,0
DA:19,0
DA:23,2
DA:24,1
DA:25,1
DA:26,1
DA:28,1
DA:32,2
DA:33,2
DA:34,1
DA:35,1
DA:36,1
DA:38,1
DA:39,1
DA:41,1
DA:46,1
DA:47,1
LF:24
LH:20
BRDA:8,0,0,1
BRDA:8,0,1,0
BRDA:16,1,0,0
BRDA:16,1,1,0
BRDA:23,2,0,1
BRDA:23,2,1,1
BRDA:33,3,0,1
BRDA:33,3,1,1
BRDA:33,4,0,2
BRDA:33,4,1,1
BRF:10
BRH:7
end_of_record
TN:
SF:room\room.handler.ts
FN:12,registerRoomHandlers
FN:20,(anonymous_1)
FN:24,(anonymous_2)
FN:25,(anonymous_3)
FN:34,(anonymous_4)
FN:70,(anonymous_5)
FN:82,(anonymous_6)
FN:84,(anonymous_7)
FN:94,(anonymous_8)
FN:97,(anonymous_9)
FN:119,(anonymous_10)
FN:138,(anonymous_11)
FN:140,(anonymous_12)
FN:149,(anonymous_13)
FN:151,(anonymous_14)
FN:167,(anonymous_15)
FN:171,(anonymous_16)
FN:180,(anonymous_17)
FN:190,(anonymous_18)
FN:193,(anonymous_19)
FN:197,(anonymous_20)
FN:208,(anonymous_21)
FN:211,(anonymous_22)
FN:211,(anonymous_23)
FN:221,(anonymous_24)
FN:246,startGame
FN:250,dealCard
FN:252,(anonymous_27)
FN:257,(anonymous_28)
FN:269,(anonymous_29)
FN:275,buryCard
FN:277,(anonymous_31)
FN:281,(anonymous_32)
FN:298,validateCall
FNF:34
FNH:3
FNDA:1,registerRoomHandlers
FNDA:1,(anonymous_1)
FNDA:1,(anonymous_2)
FNDA:0,(anonymous_3)
FNDA:0,(anonymous_4)
FNDA:0,(anonymous_5)
FNDA:0,(anonymous_6)
FNDA:0,(anonymous_7)
FNDA:0,(anonymous_8)
FNDA:0,(anonymous_9)
FNDA:0,(anonymous_10)
FNDA:0,(anonymous_11)
FNDA:0,(anonymous_12)
FNDA:0,(anonymous_13)
FNDA:0,(anonymous_14)
FNDA:0,(anonymous_15)
FNDA:0,(anonymous_16)
FNDA:0,(anonymous_17)
FNDA:0,(anonymous_18)
FNDA:0,(anonymous_19)
FNDA:0,(anonymous_20)
FNDA:0,(anonymous_21)
FNDA:0,(anonymous_22)
FNDA:0,(anonymous_23)
FNDA:0,(anonymous_24)
FNDA:0,startGame
FNDA:0,dealCard
FNDA:0,(anonymous_27)
FNDA:0,(anonymous_28)
FNDA:0,(anonymous_29)
FNDA:0,buryCard
FNDA:0,(anonymous_31)
FNDA:0,(anonymous_32)
FNDA:0,validateCall
DA:1,1
DA:3,1
DA:5,1
DA:6,1
DA:7,1
DA:8,1
DA:12,1
DA:19,1
DA:20,1
DA:21,1
DA:24,1
DA:25,1
DA:26,0
DA:27,0
DA:28,0
DA:29,0
DA:30,0
DA:34,1
DA:36,0
DA:38,0
DA:42,0
DA:53,0
DA:54,0
DA:55,0
DA:56,0
DA:57,0
DA:59,0
DA:65,0
DA:70,1
DA:71,0
DA:72,0
DA:73,0
DA:74,0
DA:78,0
DA:79,0
DA:82,0
DA:83,0
DA:84,0
DA:85,0
DA:86,0
DA:88,0
DA:89,0
DA:90,0
DA:91,0
DA:92,0
DA:94,0
DA:95,0
DA:97,0
DA:98,0
DA:99,0
DA:100,0
DA:102,0
DA:104,0
DA:105,0
DA:106,0
DA:107,0
DA:108,0
DA:110,0
DA:113,0
DA:119,1
DA:120,0
DA:121,0
DA:122,0
DA:127,0
DA:128,0
DA:129,0
DA:130,0
DA:131,0
DA:132,0
DA:133,0
DA:135,0
DA:138,1
DA:139,0
DA:140,0
DA:141,0
DA:142,0
DA:144,0
DA:147,0
DA:148,0
DA:149,0
DA:150,0
DA:151,0
DA:152,0
DA:153,0
DA:155,0
DA:157,0
DA:158,0
DA:159,0
DA:162,0
DA:167,1
DA:168,0
DA:169,0
DA:170,0
DA:171,0
DA:172,0
DA:173,0
DA:174,0
DA:176,0
DA:180,1
DA:181,0
DA:182,0
DA:183,0
DA:184,0
DA:185,0
DA:187,0
DA:190,1
DA:191,0
DA:192,0
DA:193,0
DA:194,0
DA:195,0
DA:196,0
DA:197,0
DA:198,0
DA:200,0
DA:201,0
DA:202,0
DA:203,0
DA:205,0
DA:208,1
DA:209,0
DA:210,0
DA:211,0
DA:213,0
DA:215,0
DA:216,0
DA:217,0
DA:219,0
DA:220,0
DA:221,0
DA:223,0
DA:225,0
DA:226,0
DA:228,0
DA:229,0
DA:230,0
DA:232,0
DA:236,0
DA:237,0
DA:240,0
DA:247,0
DA:248,0
DA:251,0
DA:252,0
DA:253,0
DA:256,0
DA:257,0
DA:258,0
DA:259,0
DA:260,0
DA:261,0
DA:262,0
DA:264,0
DA:266,0
DA:268,0
DA:269,0
DA:270,0
DA:276,0
DA:277,0
DA:279,0
DA:280,0
DA:281,0
DA:282,0
DA:283,0
DA:284,0
DA:285,0
DA:287,0
DA:289,0
DA:290,0
DA:291,0
DA:292,0
DA:294,0
DA:299,0
LF:173
LH:20
BRDA:27,0,0,0
BRDA:27,0,1,0
BRDA:72,1,0,0
BRDA:72,1,1,0
BRDA:82,2,0,0
BRDA:82,2,1,0
BRDA:82,3,0,0
BRDA:82,3,1,0
BRDA:85,4,0,0
BRDA:85,4,1,0
BRDA:85,5,0,0
BRDA:85,5,1,0
BRDA:94,6,0,0
BRDA:94,6,1,0
BRDA:98,7,0,0
BRDA:98,7,1,0
BRDA:98,8,0,0
BRDA:98,8,1,0
BRDA:121,9,0,0
BRDA:121,9,1,0
BRDA:141,10,0,0
BRDA:141,10,1,0
BRDA:141,11,0,0
BRDA:141,11,1,0
BRDA:149,12,0,0
BRDA:149,12,1,0
BRDA:149,13,0,0
BRDA:149,13,1,0
BRDA:152,14,0,0
BRDA:152,14,1,0
BRDA:169,15,0,0
BRDA:169,15,1,0
BRDA:171,16,0,0
BRDA:171,16,1,0
BRDA:171,17,0,0
BRDA:171,17,1,0
BRDA:193,18,0,0
BRDA:193,18,1,0
BRDA:219,19,0,0
BRDA:219,19,1,0
BRDA:221,20,0,0
BRDA:221,20,1,0
BRDA:225,21,0,0
BRDA:225,21,1,0
BRDA:236,22,0,0
BRDA:236,22,1,0
BRDA:256,23,0,0
BRDA:256,23,1,0
BRDA:258,24,0,0
BRDA:258,24,1,0
BRDA:262,25,0,0
BRDA:262,25,1,0
BRDA:262,26,0,0
BRDA:262,26,1,0
BRDA:276,27,0,0
BRDA:276,27,1,0
BRDA:276,28,0,0
BRDA:276,28,1,0
BRDA:277,29,0,0
BRDA:277,29,1,0
BRDA:282,30,0,0
BRDA:282,30,1,0
BRDA:282,31,0,0
BRDA:282,31,1,0
BRDA:284,32,0,0
BRDA:284,32,1,0
BRF:66
BRH:0
end_of_record
TN:
SF:room\room.repository.ts
FN:4,(anonymous_0)
FN:10,(anonymous_1)
FN:11,(anonymous_2)
FN:17,(anonymous_3)
FN:26,(anonymous_4)
FN:31,(anonymous_5)
FN:40,(anonymous_6)
FN:42,(anonymous_7)
FN:46,(anonymous_8)
FN:48,(anonymous_9)
FN:53,StripeRoom
FN:54,(anonymous_11)
FNF:12
FNH:12
FNDA:2,(anonymous_0)
FNDA:2,(anonymous_1)
FNDA:1,(anonymous_2)
FNDA:3,(anonymous_3)
FNDA:3,(anonymous_4)
FNDA:1,(anonymous_5)
FNDA:1,(anonymous_6)
FNDA:2,(anonymous_7)
FNDA:1,(anonymous_8)
FNDA:2,(anonymous_9)
FNDA:2,StripeRoom
FNDA:2,(anonymous_11)
DA:1,2
DA:4,2
DA:5,2
DA:11,2
DA:12,1
DA:14,2
DA:18,3
DA:20,3
DA:22,0
DA:27,3
DA:28,3
DA:32,1
DA:33,1
DA:34,1
DA:36,0
DA:41,1
DA:42,2
DA:43,1
DA:44,1
DA:47,1
DA:48,2
DA:49,1
DA:50,1
DA:53,2
DA:54,2
LF:25
LH:23
BRDA:18,0,0,3
BRDA:18,0,1,0
BRDA:33,1,0,1
BRDA:33,1,1,0
BRDA:42,2,0,1
BRDA:42,2,1,1
BRDA:42,3,0,2
BRDA:42,3,1,2
BRDA:48,4,0,2
BRDA:48,4,1,1
BRF:10
BRH:8
end_of_record
TN:
SF:room\room.schema.ts
FN:13,(anonymous_0)
FN:14,(anonymous_1)
FN:23,(anonymous_2)
FNF:3
FNH:1
FNDA:0,(anonymous_0)
FNDA:0,(anonymous_1)
FNDA:4,(anonymous_2)
DA:1,4
DA:2,4
DA:5,4
DA:6,4
DA:11,4
DA:13,0
DA:14,0
DA:23,4
DA:24,4
DA:25,4
DA:26,4
DA:27,4
LF:12
LH:10
BRDA:23,0,0,4
BRDA:23,0,1,4
BRF:2
BRH:2
end_of_record
